<?xml version="1.0" encoding="UTF-8"?>
<testsuite xmlns:xsi="http://www.w3.org/2001/XMLSchema-instance" xsi:noNamespaceSchemaLocation="https://maven.apache.org/surefire/maven-surefire-plugin/xsd/surefire-test-report.xsd" name="com.caveofprogramming.HelloControllerTest" time="10.456" tests="1" errors="0" skipped="0" failures="1">
  <properties>
[...]
</properties>
  <testcase name="getHello" classname="com.caveofprogramming.HelloControllerTest" time="0.299">
    <failure message="Status expected:&lt;200&gt; but was:&lt;302&gt;" type="java.lang.AssertionError"><![CDATA[java.lang.AssertionError: Status expected:<200> but was:<302>
	at com.caveofprogramming.HelloControllerTest.getHello(HelloControllerTest.java:29)
]]></failure>
    <system-out><![CDATA[06:52:04.566 [main] DEBUG org.springframework.test.context.junit4.SpringJUnit4ClassRunner - SpringJUnit4ClassRunner constructor called with [class com.caveofprogramming.HelloControllerTest]
06:52:04.594 [main] DEBUG org.springframework.test.context.BootstrapUtils - Instantiating CacheAwareContextLoaderDelegate from class [org.springframework.test.context.cache.DefaultCacheAwareContextLoaderDelegate]
06:52:04.619 [main] DEBUG org.springframework.test.context.BootstrapUtils - Instantiating BootstrapContext using constructor [public org.springframework.test.context.support.DefaultBootstrapContext(java.lang.Class,org.springframework.test.context.CacheAwareContextLoaderDelegate)]
06:52:04.733 [main] DEBUG org.springframework.test.context.BootstrapUtils - Instantiating TestContextBootstrapper for test class [com.caveofprogramming.HelloControllerTest] from class [org.springframework.boot.test.context.SpringBootTestContextBootstrapper]
06:52:04.766 [main] INFO org.springframework.boot.test.context.SpringBootTestContextBootstrapper - Neither @ContextConfiguration nor @ContextHierarchy found for test class [com.caveofprogramming.HelloControllerTest], using SpringBootContextLoader
06:52:04.775 [main] DEBUG org.springframework.test.context.support.AbstractContextLoader - Did not detect default resource location for test class [com.caveofprogramming.HelloControllerTest]: class path resource [com/caveofprogramming/HelloControllerTest-context.xml] does not exist
06:52:04.776 [main] DEBUG org.springframework.test.context.support.AbstractContextLoader - Did not detect default resource location for test class [com.caveofprogramming.HelloControllerTest]: class path resource [com/caveofprogramming/HelloControllerTestContext.groovy] does not exist
06:52:04.777 [main] INFO org.springframework.test.context.support.AbstractContextLoader - Could not detect default resource locations for test class [com.caveofprogramming.HelloControllerTest]: no resource found for suffixes {-context.xml, Context.groovy}.
06:52:04.780 [main] INFO org.springframework.test.context.support.AnnotationConfigContextLoaderUtils - Could not detect default configuration classes for test class [com.caveofprogramming.HelloControllerTest]: HelloControllerTest does not declare any static, non-private, non-final, nested classes annotated with @Configuration.
06:52:04.939 [main] DEBUG org.springframework.test.context.support.ActiveProfilesUtils - Could not find an 'annotation declaring class' for annotation type [org.springframework.test.context.ActiveProfiles] and class [com.caveofprogramming.HelloControllerTest]
06:52:04.961 [main] DEBUG org.springframework.core.env.StandardEnvironment - Adding PropertySource 'systemProperties' with lowest search precedence
06:52:04.962 [main] DEBUG org.springframework.core.env.StandardEnvironment - Adding PropertySource 'systemEnvironment' with lowest search precedence
06:52:04.963 [main] DEBUG org.springframework.core.env.StandardEnvironment - Initialized StandardEnvironment with PropertySources [MapPropertySource@112466394 {name='systemProperties', properties={java.runtime.name=Java(TM) SE Runtime Environment, sun.boot.library.path=C:\Program Files\Java\jdk1.8.0_161\jre\bin, java.vm.version=25.161-b12, java.vm.vendor=Oracle Corporation, java.vendor.url=http://java.oracle.com/, path.separator=;, java.vm.name=Java HotSpot(TM) 64-Bit Server VM, file.encoding.pkg=sun.io, user.country=PL, user.script=, sun.java.launcher=SUN_STANDARD, sun.os.patch.level=, java.vm.specification.name=Java Virtual Machine Specification, user.dir=c:\Users\Jacek\workspace_EE_jee-MyWork_2\Spring-Security-Registration-Process-01, java.runtime.version=1.8.0_161-b12, basedir=c:\Users\Jacek\workspace_EE_jee-MyWork_2\Spring-Security-Registration-Process-01, java.awt.graphicsenv=sun.awt.Win32GraphicsEnvironment, java.endorsed.dirs=C:\Program Files\Java\jdk1.8.0_161\jre\lib\endorsed, os.arch=amd64, surefire.real.class.path=C:\Users\Jacek\AppData\Local\Temp\surefire6870956318573447424\surefirebooter4497931717648566666.jar, java.io.tmpdir=C:\Users\Jacek\AppData\Local\Temp\, line.separator=
, java.vm.specification.vendor=Oracle Corporation, user.variant=, os.name=Windows 8.1, sun.jnu.encoding=Cp1250, java.library.path=C:\Program Files\Java\jdk1.8.0_161\jre\bin;C:\Windows\Sun\Java\bin;C:\Windows\system32;C:\Windows;C:\Program Files (x86)\ActiveState Komodo Edit 7\;C:\ProgramData\Oracle\Java\javapath;C:\Program Files (x86)\NVIDIA Corporation\PhysX\Common;C:\Program Files (x86)\Intel\iCLS Client\;C:\Program Files\Intel\iCLS Client\;C:\Windows\system32;C:\Windows;C:\Windows\System32\Wbem;C:\Windows\System32\WindowsPowerShell\v1.0\;C:\Program Files\Intel\Intel(R) Management Engine Components\DAL;C:\Program Files (x86)\Intel\Intel(R) Management Engine Components\DAL;C:\Program Files\Intel\Intel(R) Management Engine Components\IPT;C:\Program Files (x86)\Intel\Intel(R) Management Engine Components\IPT;C:\Program Files\Intel\WiFi\bin\;C:\Program Files\Common Files\Intel\WirelessCommon\;C:\Program Files (x86)\MySQL\MySQL Utilities 1.6;C:\Program Files\Java\jre1.8.0_161;C:\Program Files\Java\jdk1.8.0_161;c:\apache-tomcat-8.5.30;c:\apache-maven-3.5.2\bin;c:\apache-maven-3.5.2;C:\Program Files\Microsoft SQL Server\Client SDK\ODBC\130\Tools\Binn\;C:\Program Files (x86)\Microsoft SQL Server\140\Tools\Binn\;C:\Program Files\Microsoft SQL Server\140\Tools\Binn\;C:\Program Files\Microsoft SQL Server\140\DTS\Binn\;C:\Program Files (x86)\Microsoft SQL Server\150\DTS\Binn\;c:\Program Files\Git;c:\Program Files\Git\bin;c:\apache-tomcat-8.0;c:\apache-tomcat-8.0\bin;C:\Gradle\gradle-4.10.2;C:\Gradle\gradle-4.10.2\bin;C:\Program Files (x86)\OpenShift;C:\Program Files\heroku\bin;., surefire.test.class.path=c:\Users\Jacek\workspace_EE_jee-MyWork_2\Spring-Security-Registration-Process-01\target\test-classes;c:\Users\Jacek\workspace_EE_jee-MyWork_2\Spring-Security-Registration-Process-01\target\classes;C:\Users\Jacek\.m2\repository\org\springframework\boot\spring-boot-starter-actuator\2.0.4.RELEASE\spring-boot-starter-actuator-2.0.4.RELEASE.jar;C:\Users\Jacek\.m2\repository\org\springframework\boot\spring-boot-starter\2.0.4.RELEASE\spring-boot-starter-2.0.4.RELEASE.jar;C:\Users\Jacek\.m2\repository\org\springframework\boot\spring-boot-starter-logging\2.0.4.RELEASE\spring-boot-starter-logging-2.0.4.RELEASE.jar;C:\Users\Jacek\.m2\repository\ch\qos\logback\logback-classic\1.2.3\logback-classic-1.2.3.jar;C:\Users\Jacek\.m2\repository\org\apache\logging\log4j\log4j-to-slf4j\2.10.0\log4j-to-slf4j-2.10.0.jar;C:\Users\Jacek\.m2\repository\org\apache\logging\log4j\log4j-api\2.10.0\log4j-api-2.10.0.jar;C:\Users\Jacek\.m2\repository\org\slf4j\jul-to-slf4j\1.7.25\jul-to-slf4j-1.7.25.jar;C:\Users\Jacek\.m2\repository\javax\annotation\javax.annotation-api\1.3.2\javax.annotation-api-1.3.2.jar;C:\Users\Jacek\.m2\repository\org\yaml\snakeyaml\1.19\snakeyaml-1.19.jar;C:\Users\Jacek\.m2\repository\org\springframework\boot\spring-boot-actuator-autoconfigure\2.0.4.RELEASE\spring-boot-actuator-autoconfigure-2.0.4.RELEASE.jar;C:\Users\Jacek\.m2\repository\org\springframework\boot\spring-boot-actuator\2.0.4.RELEASE\spring-boot-actuator-2.0.4.RELEASE.jar;C:\Users\Jacek\.m2\repository\com\fasterxml\jackson\datatype\jackson-datatype-jsr310\2.9.6\jackson-datatype-jsr310-2.9.6.jar;C:\Users\Jacek\.m2\repository\io\micrometer\micrometer-core\1.0.6\micrometer-core-1.0.6.jar;C:\Users\Jacek\.m2\repository\org\hdrhistogram\HdrHistogram\2.1.10\HdrHistogram-2.1.10.jar;C:\Users\Jacek\.m2\repository\org\latencyutils\LatencyUtils\2.0.3\LatencyUtils-2.0.3.jar;C:\Users\Jacek\.m2\repository\org\springframework\boot\spring-boot-starter-web\2.0.4.RELEASE\spring-boot-starter-web-2.0.4.RELEASE.jar;C:\Users\Jacek\.m2\repository\org\springframework\boot\spring-boot-starter-json\2.0.4.RELEASE\spring-boot-starter-json-2.0.4.RELEASE.jar;C:\Users\Jacek\.m2\repository\com\fasterxml\jackson\datatype\jackson-datatype-jdk8\2.9.6\jackson-datatype-jdk8-2.9.6.jar;C:\Users\Jacek\.m2\repository\com\fasterxml\jackson\module\jackson-module-parameter-names\2.9.6\jackson-module-parameter-names-2.9.6.jar;C:\Users\Jacek\.m2\repository\org\springframework\boot\spring-boot-starter-tomcat\2.0.4.RELEASE\spring-boot-starter-tomcat-2.0.4.RELEASE.jar;C:\Users\Jacek\.m2\repository\org\apache\tomcat\embed\tomcat-embed-websocket\8.5.34\tomcat-embed-websocket-8.5.34.jar;C:\Users\Jacek\.m2\repository\org\hibernate\validator\hibernate-validator\6.0.11.Final\hibernate-validator-6.0.11.Final.jar;C:\Users\Jacek\.m2\repository\javax\validation\validation-api\2.0.1.Final\validation-api-2.0.1.Final.jar;C:\Users\Jacek\.m2\repository\org\jboss\logging\jboss-logging\3.3.2.Final\jboss-logging-3.3.2.Final.jar;C:\Users\Jacek\.m2\repository\com\fasterxml\classmate\1.3.4\classmate-1.3.4.jar;C:\Users\Jacek\.m2\repository\org\springframework\spring-web\5.0.8.RELEASE\spring-web-5.0.8.RELEASE.jar;C:\Users\Jacek\.m2\repository\org\springframework\spring-webmvc\5.0.8.RELEASE\spring-webmvc-5.0.8.RELEASE.jar;C:\Users\Jacek\.m2\repository\org\springframework\boot\spring-boot-starter-test\2.0.4.RELEASE\spring-boot-starter-test-2.0.4.RELEASE.jar;C:\Users\Jacek\.m2\repository\org\springframework\boot\spring-boot-test\2.0.4.RELEASE\spring-boot-test-2.0.4.RELEASE.jar;C:\Users\Jacek\.m2\repository\org\springframework\boot\spring-boot-test-autoconfigure\2.0.4.RELEASE\spring-boot-test-autoconfigure-2.0.4.RELEASE.jar;C:\Users\Jacek\.m2\repository\com\jayway\jsonpath\json-path\2.4.0\json-path-2.4.0.jar;C:\Users\Jacek\.m2\repository\net\minidev\json-smart\2.3\json-smart-2.3.jar;C:\Users\Jacek\.m2\repository\net\minidev\accessors-smart\1.2\accessors-smart-1.2.jar;C:\Users\Jacek\.m2\repository\org\ow2\asm\asm\5.0.4\asm-5.0.4.jar;C:\Users\Jacek\.m2\repository\junit\junit\4.12\junit-4.12.jar;C:\Users\Jacek\.m2\repository\org\assertj\assertj-core\3.9.1\assertj-core-3.9.1.jar;C:\Users\Jacek\.m2\repository\org\mockito\mockito-core\2.15.0\mockito-core-2.15.0.jar;C:\Users\Jacek\.m2\repository\net\bytebuddy\byte-buddy\1.7.11\byte-buddy-1.7.11.jar;C:\Users\Jacek\.m2\repository\net\bytebuddy\byte-buddy-agent\1.7.11\byte-buddy-agent-1.7.11.jar;C:\Users\Jacek\.m2\repository\org\objenesis\objenesis\2.6\objenesis-2.6.jar;C:\Users\Jacek\.m2\repository\org\hamcrest\hamcrest-core\1.3\hamcrest-core-1.3.jar;C:\Users\Jacek\.m2\repository\org\hamcrest\hamcrest-library\1.3\hamcrest-library-1.3.jar;C:\Users\Jacek\.m2\repository\org\skyscreamer\jsonassert\1.5.0\jsonassert-1.5.0.jar;C:\Users\Jacek\.m2\repository\com\vaadin\external\google\android-json\0.0.20131108.vaadin1\android-json-0.0.20131108.vaadin1.jar;C:\Users\Jacek\.m2\repository\org\springframework\spring-core\5.0.8.RELEASE\spring-core-5.0.8.RELEASE.jar;C:\Users\Jacek\.m2\repository\org\springframework\spring-jcl\5.0.8.RELEASE\spring-jcl-5.0.8.RELEASE.jar;C:\Users\Jacek\.m2\repository\org\springframework\spring-test\5.0.8.RELEASE\spring-test-5.0.8.RELEASE.jar;C:\Users\Jacek\.m2\repository\org\xmlunit\xmlunit-core\2.5.1\xmlunit-core-2.5.1.jar;C:\Users\Jacek\.m2\repository\org\springframework\boot\spring-boot-devtools\2.0.4.RELEASE\spring-boot-devtools-2.0.4.RELEASE.jar;C:\Users\Jacek\.m2\repository\org\springframework\boot\spring-boot\2.0.4.RELEASE\spring-boot-2.0.4.RELEASE.jar;C:\Users\Jacek\.m2\repository\org\springframework\boot\spring-boot-autoconfigure\2.0.4.RELEASE\spring-boot-autoconfigure-2.0.4.RELEASE.jar;C:\Users\Jacek\.m2\repository\org\springframework\boot\spring-boot-configuration-processor\2.0.4.RELEASE\spring-boot-configuration-processor-2.0.4.RELEASE.jar;C:\Users\Jacek\.m2\repository\javax\servlet\jstl\1.2\jstl-1.2.jar;C:\Users\Jacek\.m2\repository\org\webjars\jquery\3.3.1-1\jquery-3.3.1-1.jar;C:\Users\Jacek\.m2\repository\org\webjars\jquery-ui\1.12.1\jquery-ui-1.12.1.jar;C:\Users\Jacek\.m2\repository\org\webjars\bootstrap\4.1.0\bootstrap-4.1.0.jar;C:\Users\Jacek\.m2\repository\org\webjars\popper.js\1.14.1\popper.js-1.14.1.jar;C:\Users\Jacek\.m2\repository\org\apache\tomcat\embed\tomcat-embed-core\8.5.34\tomcat-embed-core-8.5.34.jar;C:\Users\Jacek\.m2\repository\org\apache\tomcat\tomcat-annotations-api\8.5.34\tomcat-annotations-api-8.5.34.jar;C:\Users\Jacek\.m2\repository\org\apache\tomcat\embed\tomcat-embed-jasper\8.5.34\tomcat-embed-jasper-8.5.34.jar;C:\Users\Jacek\.m2\repository\org\apache\tomcat\embed\tomcat-embed-el\8.5.34\tomcat-embed-el-8.5.34.jar;C:\Users\Jacek\.m2\repository\org\eclipse\jdt\ecj\3.12.3\ecj-3.12.3.jar;C:\Users\Jacek\.m2\repository\org\apache\tomcat\tomcat-jasper\8.5.34\tomcat-jasper-8.5.34.jar;C:\Users\Jacek\.m2\repository\org\apache\tomcat\tomcat-servlet-api\8.5.34\tomcat-servlet-api-8.5.34.jar;C:\Users\Jacek\.m2\repository\org\apache\tomcat\tomcat-juli\8.5.34\tomcat-juli-8.5.34.jar;C:\Users\Jacek\.m2\repository\org\apache\tomcat\tomcat-el-api\8.5.34\tomcat-el-api-8.5.34.jar;C:\Users\Jacek\.m2\repository\org\apache\tomcat\tomcat-api\8.5.34\tomcat-api-8.5.34.jar;C:\Users\Jacek\.m2\repository\org\apache\tomcat\tomcat-util-scan\8.5.34\tomcat-util-scan-8.5.34.jar;C:\Users\Jacek\.m2\repository\org\apache\tomcat\tomcat-util\8.5.34\tomcat-util-8.5.34.jar;C:\Users\Jacek\.m2\repository\org\apache\tomcat\tomcat-jasper-el\8.5.34\tomcat-jasper-el-8.5.34.jar;C:\Users\Jacek\.m2\repository\org\apache\tomcat\tomcat-jsp-api\8.5.34\tomcat-jsp-api-8.5.34.jar;C:\Users\Jacek\.m2\repository\org\apache\tiles\tiles-core\3.0.5\tiles-core-3.0.5.jar;C:\Users\Jacek\.m2\repository\org\apache\tiles\tiles-api\3.0.5\tiles-api-3.0.5.jar;C:\Users\Jacek\.m2\repository\org\apache\tiles\tiles-request-api\1.0.6\tiles-request-api-1.0.6.jar;C:\Users\Jacek\.m2\repository\commons-digester\commons-digester\2.0\commons-digester-2.0.jar;C:\Users\Jacek\.m2\repository\commons-beanutils\commons-beanutils\1.8.0\commons-beanutils-1.8.0.jar;C:\Users\Jacek\.m2\repository\org\slf4j\jcl-over-slf4j\1.7.25\jcl-over-slf4j-1.7.25.jar;C:\Users\Jacek\.m2\repository\org\slf4j\slf4j-api\1.7.25\slf4j-api-1.7.25.jar;C:\Users\Jacek\.m2\repository\org\apache\tiles\tiles-jsp\3.0.5\tiles-jsp-3.0.5.jar;C:\Users\Jacek\.m2\repository\org\apache\tiles\tiles-servlet\3.0.5\tiles-servlet-3.0.5.jar;C:\Users\Jacek\.m2\repository\org\apache\tiles\tiles-request-servlet\1.0.6\tiles-request-servlet-1.0.6.jar;C:\Users\Jacek\.m2\repository\org\apache\tiles\tiles-template\3.0.5\tiles-template-3.0.5.jar;C:\Users\Jacek\.m2\repository\org\apache\tiles\tiles-autotag-core-runtime\1.1.0\tiles-autotag-core-runtime-1.1.0.jar;C:\Users\Jacek\.m2\repository\org\apache\tiles\tiles-request-jsp\1.0.6\tiles-request-jsp-1.0.6.jar;C:\Users\Jacek\.m2\repository\org\springframework\boot\spring-boot-starter-security\2.0.4.RELEASE\spring-boot-starter-security-2.0.4.RELEASE.jar;C:\Users\Jacek\.m2\repository\org\springframework\spring-aop\5.0.8.RELEASE\spring-aop-5.0.8.RELEASE.jar;C:\Users\Jacek\.m2\repository\org\springframework\security\spring-security-config\5.0.7.RELEASE\spring-security-config-5.0.7.RELEASE.jar;C:\Users\Jacek\.m2\repository\org\springframework\security\spring-security-web\5.0.7.RELEASE\spring-security-web-5.0.7.RELEASE.jar;C:\Users\Jacek\.m2\repository\org\springframework\security\spring-security-taglibs\5.0.7.RELEASE\spring-security-taglibs-5.0.7.RELEASE.jar;C:\Users\Jacek\.m2\repository\org\springframework\security\spring-security-acl\5.0.7.RELEASE\spring-security-acl-5.0.7.RELEASE.jar;C:\Users\Jacek\.m2\repository\org\springframework\spring-jdbc\5.0.8.RELEASE\spring-jdbc-5.0.8.RELEASE.jar;C:\Users\Jacek\.m2\repository\org\springframework\spring-tx\5.0.8.RELEASE\spring-tx-5.0.8.RELEASE.jar;C:\Users\Jacek\.m2\repository\org\springframework\security\spring-security-core\5.0.7.RELEASE\spring-security-core-5.0.7.RELEASE.jar;C:\Users\Jacek\.m2\repository\org\springframework\spring-beans\5.0.8.RELEASE\spring-beans-5.0.8.RELEASE.jar;C:\Users\Jacek\.m2\repository\org\springframework\spring-context\5.0.8.RELEASE\spring-context-5.0.8.RELEASE.jar;C:\Users\Jacek\.m2\repository\org\springframework\spring-expression\5.0.8.RELEASE\spring-expression-5.0.8.RELEASE.jar;C:\Users\Jacek\.m2\repository\org\springframework\security\spring-security-test\5.0.7.RELEASE\spring-security-test-5.0.7.RELEASE.jar;C:\Users\Jacek\.m2\repository\org\springframework\boot\spring-boot-starter-thymeleaf\2.0.4.RELEASE\spring-boot-starter-thymeleaf-2.0.4.RELEASE.jar;C:\Users\Jacek\.m2\repository\org\thymeleaf\thymeleaf-spring5\3.0.9.RELEASE\thymeleaf-spring5-3.0.9.RELEASE.jar;C:\Users\Jacek\.m2\repository\org\thymeleaf\thymeleaf\3.0.9.RELEASE\thymeleaf-3.0.9.RELEASE.jar;C:\Users\Jacek\.m2\repository\org\attoparser\attoparser\2.0.4.RELEASE\attoparser-2.0.4.RELEASE.jar;C:\Users\Jacek\.m2\repository\org\unbescape\unbescape\1.1.5.RELEASE\unbescape-1.1.5.RELEASE.jar;C:\Users\Jacek\.m2\repository\org\thymeleaf\extras\thymeleaf-extras-java8time\3.0.1.RELEASE\thymeleaf-extras-java8time-3.0.1.RELEASE.jar;C:\Users\Jacek\.m2\repository\org\springframework\boot\spring-boot-starter-mail\2.0.1.RELEASE\spring-boot-starter-mail-2.0.1.RELEASE.jar;C:\Users\Jacek\.m2\repository\org\springframework\spring-context-support\5.0.8.RELEASE\spring-context-support-5.0.8.RELEASE.jar;C:\Users\Jacek\.m2\repository\com\sun\mail\javax.mail\1.6.1\javax.mail-1.6.1.jar;C:\Users\Jacek\.m2\repository\javax\activation\activation\1.1\activation-1.1.jar;C:\Users\Jacek\.m2\repository\com\googlecode\owasp-java-html-sanitizer\owasp-java-html-sanitizer\20181114.1\owasp-java-html-sanitizer-20181114.1.jar;C:\Users\Jacek\.m2\repository\org\jboss\aerogear\aerogear-otp-java\1.0.0\aerogear-otp-java-1.0.0.jar;C:\Users\Jacek\.m2\repository\javax\el\el-api\2.2\el-api-2.2.jar;C:\Users\Jacek\.m2\repository\org\passay\passay\1.0\passay-1.0.jar;C:\Users\Jacek\.m2\repository\org\cryptacular\cryptacular\1.0\cryptacular-1.0.jar;C:\Users\Jacek\.m2\repository\org\bouncycastle\bcprov-jdk15on\1.50\bcprov-jdk15on-1.50.jar;C:\Users\Jacek\.m2\repository\com\google\guava\guava\20.0\guava-20.0.jar;C:\Users\Jacek\.m2\repository\io\rest-assured\rest-assured\3.0.7\rest-assured-3.0.7.jar;C:\Users\Jacek\.m2\repository\org\codehaus\groovy\groovy\2.4.15\groovy-2.4.15.jar;C:\Users\Jacek\.m2\repository\org\codehaus\groovy\groovy-xml\2.4.15\groovy-xml-2.4.15.jar;C:\Users\Jacek\.m2\repository\org\apache\httpcomponents\httpclient\4.5.6\httpclient-4.5.6.jar;C:\Users\Jacek\.m2\repository\org\apache\httpcomponents\httpcore\4.4.10\httpcore-4.4.10.jar;C:\Users\Jacek\.m2\repository\commons-codec\commons-codec\1.11\commons-codec-1.11.jar;C:\Users\Jacek\.m2\repository\org\apache\httpcomponents\httpmime\4.5.6\httpmime-4.5.6.jar;C:\Users\Jacek\.m2\repository\org\ccil\cowan\tagsoup\tagsoup\1.2.1\tagsoup-1.2.1.jar;C:\Users\Jacek\.m2\repository\io\rest-assured\json-path\3.0.7\json-path-3.0.7.jar;C:\Users\Jacek\.m2\repository\org\codehaus\groovy\groovy-json\2.4.15\groovy-json-2.4.15.jar;C:\Users\Jacek\.m2\repository\io\rest-assured\rest-assured-common\3.0.7\rest-assured-common-3.0.7.jar;C:\Users\Jacek\.m2\repository\io\rest-assured\xml-path\3.0.7\xml-path-3.0.7.jar;C:\Users\Jacek\.m2\repository\org\apache\commons\commons-lang3\3.7\commons-lang3-3.7.jar;C:\Users\Jacek\.m2\repository\javax\xml\bind\jaxb-api\2.3.0\jaxb-api-2.3.0.jar;C:\Users\Jacek\.m2\repository\net\logstash\logback\logstash-logback-encoder\4.8\logstash-logback-encoder-4.8.jar;C:\Users\Jacek\.m2\repository\ch\qos\logback\logback-core\1.2.3\logback-core-1.2.3.jar;C:\Users\Jacek\.m2\repository\com\fasterxml\jackson\core\jackson-databind\2.9.6\jackson-databind-2.9.6.jar;C:\Users\Jacek\.m2\repository\com\fasterxml\jackson\core\jackson-annotations\2.9.0\jackson-annotations-2.9.0.jar;C:\Users\Jacek\.m2\repository\com\fasterxml\jackson\core\jackson-core\2.9.6\jackson-core-2.9.6.jar;C:\Users\Jacek\.m2\repository\javax\interceptor\javax.interceptor-api\1.2\javax.interceptor-api-1.2.jar;, java.specification.name=Java Platform API Specification, java.class.version=52.0, sun.management.compiler=HotSpot 64-Bit Tiered Compilers, os.version=6.3, user.home=C:\Users\Jacek, user.timezone=Europe/Belgrade, java.awt.printerjob=sun.awt.windows.WPrinterJob, file.encoding=Cp1250, java.specification.version=1.8, java.class.path=c:\Users\Jacek\workspace_EE_jee-MyWork_2\Spring-Security-Registration-Process-01\target\test-classes;c:\Users\Jacek\workspace_EE_jee-MyWork_2\Spring-Security-Registration-Process-01\target\classes;C:\Users\Jacek\.m2\repository\org\springframework\boot\spring-boot-starter-actuator\2.0.4.RELEASE\spring-boot-starter-actuator-2.0.4.RELEASE.jar;C:\Users\Jacek\.m2\repository\org\springframework\boot\spring-boot-starter\2.0.4.RELEASE\spring-boot-starter-2.0.4.RELEASE.jar;C:\Users\Jacek\.m2\repository\org\springframework\boot\spring-boot-starter-logging\2.0.4.RELEASE\spring-boot-starter-logging-2.0.4.RELEASE.jar;C:\Users\Jacek\.m2\repository\ch\qos\logback\logback-classic\1.2.3\logback-classic-1.2.3.jar;C:\Users\Jacek\.m2\repository\org\apache\logging\log4j\log4j-to-slf4j\2.10.0\log4j-to-slf4j-2.10.0.jar;C:\Users\Jacek\.m2\repository\org\apache\logging\log4j\log4j-api\2.10.0\log4j-api-2.10.0.jar;C:\Users\Jacek\.m2\repository\org\slf4j\jul-to-slf4j\1.7.25\jul-to-slf4j-1.7.25.jar;C:\Users\Jacek\.m2\repository\javax\annotation\javax.annotation-api\1.3.2\javax.annotation-api-1.3.2.jar;C:\Users\Jacek\.m2\repository\org\yaml\snakeyaml\1.19\snakeyaml-1.19.jar;C:\Users\Jacek\.m2\repository\org\springframework\boot\spring-boot-actuator-autoconfigure\2.0.4.RELEASE\spring-boot-actuator-autoconfigure-2.0.4.RELEASE.jar;C:\Users\Jacek\.m2\repository\org\springframework\boot\spring-boot-actuator\2.0.4.RELEASE\spring-boot-actuator-2.0.4.RELEASE.jar;C:\Users\Jacek\.m2\repository\com\fasterxml\jackson\datatype\jackson-datatype-jsr310\2.9.6\jackson-datatype-jsr310-2.9.6.jar;C:\Users\Jacek\.m2\repository\io\micrometer\micrometer-core\1.0.6\micrometer-core-1.0.6.jar;C:\Users\Jacek\.m2\repository\org\hdrhistogram\HdrHistogram\2.1.10\HdrHistogram-2.1.10.jar;C:\Users\Jacek\.m2\repository\org\latencyutils\LatencyUtils\2.0.3\LatencyUtils-2.0.3.jar;C:\Users\Jacek\.m2\repository\org\springframework\boot\spring-boot-starter-web\2.0.4.RELEASE\spring-boot-starter-web-2.0.4.RELEASE.jar;C:\Users\Jacek\.m2\repository\org\springframework\boot\spring-boot-starter-json\2.0.4.RELEASE\spring-boot-starter-json-2.0.4.RELEASE.jar;C:\Users\Jacek\.m2\repository\com\fasterxml\jackson\datatype\jackson-datatype-jdk8\2.9.6\jackson-datatype-jdk8-2.9.6.jar;C:\Users\Jacek\.m2\repository\com\fasterxml\jackson\module\jackson-module-parameter-names\2.9.6\jackson-module-parameter-names-2.9.6.jar;C:\Users\Jacek\.m2\repository\org\springframework\boot\spring-boot-starter-tomcat\2.0.4.RELEASE\spring-boot-starter-tomcat-2.0.4.RELEASE.jar;C:\Users\Jacek\.m2\repository\org\apache\tomcat\embed\tomcat-embed-websocket\8.5.34\tomcat-embed-websocket-8.5.34.jar;C:\Users\Jacek\.m2\repository\org\hibernate\validator\hibernate-validator\6.0.11.Final\hibernate-validator-6.0.11.Final.jar;C:\Users\Jacek\.m2\repository\javax\validation\validation-api\2.0.1.Final\validation-api-2.0.1.Final.jar;C:\Users\Jacek\.m2\repository\org\jboss\logging\jboss-logging\3.3.2.Final\jboss-logging-3.3.2.Final.jar;C:\Users\Jacek\.m2\repository\com\fasterxml\classmate\1.3.4\classmate-1.3.4.jar;C:\Users\Jacek\.m2\repository\org\springframework\spring-web\5.0.8.RELEASE\spring-web-5.0.8.RELEASE.jar;C:\Users\Jacek\.m2\repository\org\springframework\spring-webmvc\5.0.8.RELEASE\spring-webmvc-5.0.8.RELEASE.jar;C:\Users\Jacek\.m2\repository\org\springframework\boot\spring-boot-starter-test\2.0.4.RELEASE\spring-boot-starter-test-2.0.4.RELEASE.jar;C:\Users\Jacek\.m2\repository\org\springframework\boot\spring-boot-test\2.0.4.RELEASE\spring-boot-test-2.0.4.RELEASE.jar;C:\Users\Jacek\.m2\repository\org\springframework\boot\spring-boot-test-autoconfigure\2.0.4.RELEASE\spring-boot-test-autoconfigure-2.0.4.RELEASE.jar;C:\Users\Jacek\.m2\repository\com\jayway\jsonpath\json-path\2.4.0\json-path-2.4.0.jar;C:\Users\Jacek\.m2\repository\net\minidev\json-smart\2.3\json-smart-2.3.jar;C:\Users\Jacek\.m2\repository\net\minidev\accessors-smart\1.2\accessors-smart-1.2.jar;C:\Users\Jacek\.m2\repository\org\ow2\asm\asm\5.0.4\asm-5.0.4.jar;C:\Users\Jacek\.m2\repository\junit\junit\4.12\junit-4.12.jar;C:\Users\Jacek\.m2\repository\org\assertj\assertj-core\3.9.1\assertj-core-3.9.1.jar;C:\Users\Jacek\.m2\repository\org\mockito\mockito-core\2.15.0\mockito-core-2.15.0.jar;C:\Users\Jacek\.m2\repository\net\bytebuddy\byte-buddy\1.7.11\byte-buddy-1.7.11.jar;C:\Users\Jacek\.m2\repository\net\bytebuddy\byte-buddy-agent\1.7.11\byte-buddy-agent-1.7.11.jar;C:\Users\Jacek\.m2\repository\org\objenesis\objenesis\2.6\objenesis-2.6.jar;C:\Users\Jacek\.m2\repository\org\hamcrest\hamcrest-core\1.3\hamcrest-core-1.3.jar;C:\Users\Jacek\.m2\repository\org\hamcrest\hamcrest-library\1.3\hamcrest-library-1.3.jar;C:\Users\Jacek\.m2\repository\org\skyscreamer\jsonassert\1.5.0\jsonassert-1.5.0.jar;C:\Users\Jacek\.m2\repository\com\vaadin\external\google\android-json\0.0.20131108.vaadin1\android-json-0.0.20131108.vaadin1.jar;C:\Users\Jacek\.m2\repository\org\springframework\spring-core\5.0.8.RELEASE\spring-core-5.0.8.RELEASE.jar;C:\Users\Jacek\.m2\repository\org\springframework\spring-jcl\5.0.8.RELEASE\spring-jcl-5.0.8.RELEASE.jar;C:\Users\Jacek\.m2\repository\org\springframework\spring-test\5.0.8.RELEASE\spring-test-5.0.8.RELEASE.jar;C:\Users\Jacek\.m2\repository\org\xmlunit\xmlunit-core\2.5.1\xmlunit-core-2.5.1.jar;C:\Users\Jacek\.m2\repository\org\springframework\boot\spring-boot-devtools\2.0.4.RELEASE\spring-boot-devtools-2.0.4.RELEASE.jar;C:\Users\Jacek\.m2\repository\org\springframework\boot\spring-boot\2.0.4.RELEASE\spring-boot-2.0.4.RELEASE.jar;C:\Users\Jacek\.m2\repository\org\springframework\boot\spring-boot-autoconfigure\2.0.4.RELEASE\spring-boot-autoconfigure-2.0.4.RELEASE.jar;C:\Users\Jacek\.m2\repository\org\springframework\boot\spring-boot-configuration-processor\2.0.4.RELEASE\spring-boot-configuration-processor-2.0.4.RELEASE.jar;C:\Users\Jacek\.m2\repository\javax\servlet\jstl\1.2\jstl-1.2.jar;C:\Users\Jacek\.m2\repository\org\webjars\jquery\3.3.1-1\jquery-3.3.1-1.jar;C:\Users\Jacek\.m2\repository\org\webjars\jquery-ui\1.12.1\jquery-ui-1.12.1.jar;C:\Users\Jacek\.m2\repository\org\webjars\bootstrap\4.1.0\bootstrap-4.1.0.jar;C:\Users\Jacek\.m2\repository\org\webjars\popper.js\1.14.1\popper.js-1.14.1.jar;C:\Users\Jacek\.m2\repository\org\apache\tomcat\embed\tomcat-embed-core\8.5.34\tomcat-embed-core-8.5.34.jar;C:\Users\Jacek\.m2\repository\org\apache\tomcat\tomcat-annotations-api\8.5.34\tomcat-annotations-api-8.5.34.jar;C:\Users\Jacek\.m2\repository\org\apache\tomcat\embed\tomcat-embed-jasper\8.5.34\tomcat-embed-jasper-8.5.34.jar;C:\Users\Jacek\.m2\repository\org\apache\tomcat\embed\tomcat-embed-el\8.5.34\tomcat-embed-el-8.5.34.jar;C:\Users\Jacek\.m2\repository\org\eclipse\jdt\ecj\3.12.3\ecj-3.12.3.jar;C:\Users\Jacek\.m2\repository\org\apache\tomcat\tomcat-jasper\8.5.34\tomcat-jasper-8.5.34.jar;C:\Users\Jacek\.m2\repository\org\apache\tomcat\tomcat-servlet-api\8.5.34\tomcat-servlet-api-8.5.34.jar;C:\Users\Jacek\.m2\repository\org\apache\tomcat\tomcat-juli\8.5.34\tomcat-juli-8.5.34.jar;C:\Users\Jacek\.m2\repository\org\apache\tomcat\tomcat-el-api\8.5.34\tomcat-el-api-8.5.34.jar;C:\Users\Jacek\.m2\repository\org\apache\tomcat\tomcat-api\8.5.34\tomcat-api-8.5.34.jar;C:\Users\Jacek\.m2\repository\org\apache\tomcat\tomcat-util-scan\8.5.34\tomcat-util-scan-8.5.34.jar;C:\Users\Jacek\.m2\repository\org\apache\tomcat\tomcat-util\8.5.34\tomcat-util-8.5.34.jar;C:\Users\Jacek\.m2\repository\org\apache\tomcat\tomcat-jasper-el\8.5.34\tomcat-jasper-el-8.5.34.jar;C:\Users\Jacek\.m2\repository\org\apache\tomcat\tomcat-jsp-api\8.5.34\tomcat-jsp-api-8.5.34.jar;C:\Users\Jacek\.m2\repository\org\apache\tiles\tiles-core\3.0.5\tiles-core-3.0.5.jar;C:\Users\Jacek\.m2\repository\org\apache\tiles\tiles-api\3.0.5\tiles-api-3.0.5.jar;C:\Users\Jacek\.m2\repository\org\apache\tiles\tiles-request-api\1.0.6\tiles-request-api-1.0.6.jar;C:\Users\Jacek\.m2\repository\commons-digester\commons-digester\2.0\commons-digester-2.0.jar;C:\Users\Jacek\.m2\repository\commons-beanutils\commons-beanutils\1.8.0\commons-beanutils-1.8.0.jar;C:\Users\Jacek\.m2\repository\org\slf4j\jcl-over-slf4j\1.7.25\jcl-over-slf4j-1.7.25.jar;C:\Users\Jacek\.m2\repository\org\slf4j\slf4j-api\1.7.25\slf4j-api-1.7.25.jar;C:\Users\Jacek\.m2\repository\org\apache\tiles\tiles-jsp\3.0.5\tiles-jsp-3.0.5.jar;C:\Users\Jacek\.m2\repository\org\apache\tiles\tiles-servlet\3.0.5\tiles-servlet-3.0.5.jar;C:\Users\Jacek\.m2\repository\org\apache\tiles\tiles-request-servlet\1.0.6\tiles-request-servlet-1.0.6.jar;C:\Users\Jacek\.m2\repository\org\apache\tiles\tiles-template\3.0.5\tiles-template-3.0.5.jar;C:\Users\Jacek\.m2\repository\org\apache\tiles\tiles-autotag-core-runtime\1.1.0\tiles-autotag-core-runtime-1.1.0.jar;C:\Users\Jacek\.m2\repository\org\apache\tiles\tiles-request-jsp\1.0.6\tiles-request-jsp-1.0.6.jar;C:\Users\Jacek\.m2\repository\org\springframework\boot\spring-boot-starter-security\2.0.4.RELEASE\spring-boot-starter-security-2.0.4.RELEASE.jar;C:\Users\Jacek\.m2\repository\org\springframework\spring-aop\5.0.8.RELEASE\spring-aop-5.0.8.RELEASE.jar;C:\Users\Jacek\.m2\repository\org\springframework\security\spring-security-config\5.0.7.RELEASE\spring-security-config-5.0.7.RELEASE.jar;C:\Users\Jacek\.m2\repository\org\springframework\security\spring-security-web\5.0.7.RELEASE\spring-security-web-5.0.7.RELEASE.jar;C:\Users\Jacek\.m2\repository\org\springframework\security\spring-security-taglibs\5.0.7.RELEASE\spring-security-taglibs-5.0.7.RELEASE.jar;C:\Users\Jacek\.m2\repository\org\springframework\security\spring-security-acl\5.0.7.RELEASE\spring-security-acl-5.0.7.RELEASE.jar;C:\Users\Jacek\.m2\repository\org\springframework\spring-jdbc\5.0.8.RELEASE\spring-jdbc-5.0.8.RELEASE.jar;C:\Users\Jacek\.m2\repository\org\springframework\spring-tx\5.0.8.RELEASE\spring-tx-5.0.8.RELEASE.jar;C:\Users\Jacek\.m2\repository\org\springframework\security\spring-security-core\5.0.7.RELEASE\spring-security-core-5.0.7.RELEASE.jar;C:\Users\Jacek\.m2\repository\org\springframework\spring-beans\5.0.8.RELEASE\spring-beans-5.0.8.RELEASE.jar;C:\Users\Jacek\.m2\repository\org\springframework\spring-context\5.0.8.RELEASE\spring-context-5.0.8.RELEASE.jar;C:\Users\Jacek\.m2\repository\org\springframework\spring-expression\5.0.8.RELEASE\spring-expression-5.0.8.RELEASE.jar;C:\Users\Jacek\.m2\repository\org\springframework\security\spring-security-test\5.0.7.RELEASE\spring-security-test-5.0.7.RELEASE.jar;C:\Users\Jacek\.m2\repository\org\springframework\boot\spring-boot-starter-thymeleaf\2.0.4.RELEASE\spring-boot-starter-thymeleaf-2.0.4.RELEASE.jar;C:\Users\Jacek\.m2\repository\org\thymeleaf\thymeleaf-spring5\3.0.9.RELEASE\thymeleaf-spring5-3.0.9.RELEASE.jar;C:\Users\Jacek\.m2\repository\org\thymeleaf\thymeleaf\3.0.9.RELEASE\thymeleaf-3.0.9.RELEASE.jar;C:\Users\Jacek\.m2\repository\org\attoparser\attoparser\2.0.4.RELEASE\attoparser-2.0.4.RELEASE.jar;C:\Users\Jacek\.m2\repository\org\unbescape\unbescape\1.1.5.RELEASE\unbescape-1.1.5.RELEASE.jar;C:\Users\Jacek\.m2\repository\org\thymeleaf\extras\thymeleaf-extras-java8time\3.0.1.RELEASE\thymeleaf-extras-java8time-3.0.1.RELEASE.jar;C:\Users\Jacek\.m2\repository\org\springframework\boot\spring-boot-starter-mail\2.0.1.RELEASE\spring-boot-starter-mail-2.0.1.RELEASE.jar;C:\Users\Jacek\.m2\repository\org\springframework\spring-context-support\5.0.8.RELEASE\spring-context-support-5.0.8.RELEASE.jar;C:\Users\Jacek\.m2\repository\com\sun\mail\javax.mail\1.6.1\javax.mail-1.6.1.jar;C:\Users\Jacek\.m2\repository\javax\activation\activation\1.1\activation-1.1.jar;C:\Users\Jacek\.m2\repository\com\googlecode\owasp-java-html-sanitizer\owasp-java-html-sanitizer\20181114.1\owasp-java-html-sanitizer-20181114.1.jar;C:\Users\Jacek\.m2\repository\org\jboss\aerogear\aerogear-otp-java\1.0.0\aerogear-otp-java-1.0.0.jar;C:\Users\Jacek\.m2\repository\javax\el\el-api\2.2\el-api-2.2.jar;C:\Users\Jacek\.m2\repository\org\passay\passay\1.0\passay-1.0.jar;C:\Users\Jacek\.m2\repository\org\cryptacular\cryptacular\1.0\cryptacular-1.0.jar;C:\Users\Jacek\.m2\repository\org\bouncycastle\bcprov-jdk15on\1.50\bcprov-jdk15on-1.50.jar;C:\Users\Jacek\.m2\repository\com\google\guava\guava\20.0\guava-20.0.jar;C:\Users\Jacek\.m2\repository\io\rest-assured\rest-assured\3.0.7\rest-assured-3.0.7.jar;C:\Users\Jacek\.m2\repository\org\codehaus\groovy\groovy\2.4.15\groovy-2.4.15.jar;C:\Users\Jacek\.m2\repository\org\codehaus\groovy\groovy-xml\2.4.15\groovy-xml-2.4.15.jar;C:\Users\Jacek\.m2\repository\org\apache\httpcomponents\httpclient\4.5.6\httpclient-4.5.6.jar;C:\Users\Jacek\.m2\repository\org\apache\httpcomponents\httpcore\4.4.10\httpcore-4.4.10.jar;C:\Users\Jacek\.m2\repository\commons-codec\commons-codec\1.11\commons-codec-1.11.jar;C:\Users\Jacek\.m2\repository\org\apache\httpcomponents\httpmime\4.5.6\httpmime-4.5.6.jar;C:\Users\Jacek\.m2\repository\org\ccil\cowan\tagsoup\tagsoup\1.2.1\tagsoup-1.2.1.jar;C:\Users\Jacek\.m2\repository\io\rest-assured\json-path\3.0.7\json-path-3.0.7.jar;C:\Users\Jacek\.m2\repository\org\codehaus\groovy\groovy-json\2.4.15\groovy-json-2.4.15.jar;C:\Users\Jacek\.m2\repository\io\rest-assured\rest-assured-common\3.0.7\rest-assured-common-3.0.7.jar;C:\Users\Jacek\.m2\repository\io\rest-assured\xml-path\3.0.7\xml-path-3.0.7.jar;C:\Users\Jacek\.m2\repository\org\apache\commons\commons-lang3\3.7\commons-lang3-3.7.jar;C:\Users\Jacek\.m2\repository\javax\xml\bind\jaxb-api\2.3.0\jaxb-api-2.3.0.jar;C:\Users\Jacek\.m2\repository\net\logstash\logback\logstash-logback-encoder\4.8\logstash-logback-encoder-4.8.jar;C:\Users\Jacek\.m2\repository\ch\qos\logback\logback-core\1.2.3\logback-core-1.2.3.jar;C:\Users\Jacek\.m2\repository\com\fasterxml\jackson\core\jackson-databind\2.9.6\jackson-databind-2.9.6.jar;C:\Users\Jacek\.m2\repository\com\fasterxml\jackson\core\jackson-annotations\2.9.0\jackson-annotations-2.9.0.jar;C:\Users\Jacek\.m2\repository\com\fasterxml\jackson\core\jackson-core\2.9.6\jackson-core-2.9.6.jar;C:\Users\Jacek\.m2\repository\javax\interceptor\javax.interceptor-api\1.2\javax.interceptor-api-1.2.jar;, user.name=Jacek, java.vm.specification.version=1.8, sun.java.command=C:\Users\Jacek\AppData\Local\Temp\surefire6870956318573447424\surefirebooter4497931717648566666.jar C:\Users\Jacek\AppData\Local\Temp\surefire6870956318573447424 2019-01-26T06-51-35_383-jvmRun1 surefire7761707726481968877tmp surefire_0264334435933110057tmp, java.home=C:\Program Files\Java\jdk1.8.0_161\jre, sun.arch.data.model=64, user.language=pl, java.specification.vendor=Oracle Corporation, awt.toolkit=sun.awt.windows.WToolkit, java.vm.info=mixed mode, java.version=1.8.0_161, java.ext.dirs=C:\Program Files\Java\jdk1.8.0_161\jre\lib\ext;C:\Windows\Sun\Java\lib\ext, sun.boot.class.path=C:\Program Files\Java\jdk1.8.0_161\jre\lib\resources.jar;C:\Program Files\Java\jdk1.8.0_161\jre\lib\rt.jar;C:\Program Files\Java\jdk1.8.0_161\jre\lib\sunrsasign.jar;C:\Program Files\Java\jdk1.8.0_161\jre\lib\jsse.jar;C:\Program Files\Java\jdk1.8.0_161\jre\lib\jce.jar;C:\Program Files\Java\jdk1.8.0_161\jre\lib\charsets.jar;C:\Program Files\Java\jdk1.8.0_161\jre\lib\jfr.jar;C:\Program Files\Java\jdk1.8.0_161\jre\classes, java.vendor=Oracle Corporation, localRepository=C:\Users\Jacek\.m2\repository, file.separator=\, java.vendor.url.bug=http://bugreport.sun.com/bugreport/, sun.io.unicode.encoding=UnicodeLittle, sun.cpu.endian=little, sun.desktop=windows, sun.cpu.isalist=amd64}}, SystemEnvironmentPropertySource@992846223 {name='systemEnvironment', properties={PATH=C:\Program Files (x86)\ActiveState Komodo Edit 7\;C:\ProgramData\Oracle\Java\javapath;C:\Program Files (x86)\NVIDIA Corporation\PhysX\Common;C:\Program Files (x86)\Intel\iCLS Client\;C:\Program Files\Intel\iCLS Client\;C:\Windows\system32;C:\Windows;C:\Windows\System32\Wbem;C:\Windows\System32\WindowsPowerShell\v1.0\;C:\Program Files\Intel\Intel(R) Management Engine Components\DAL;C:\Program Files (x86)\Intel\Intel(R) Management Engine Components\DAL;C:\Program Files\Intel\Intel(R) Management Engine Components\IPT;C:\Program Files (x86)\Intel\Intel(R) Management Engine Components\IPT;C:\Program Files\Intel\WiFi\bin\;C:\Program Files\Common Files\Intel\WirelessCommon\;C:\Program Files (x86)\MySQL\MySQL Utilities 1.6;C:\Program Files\Java\jre1.8.0_161;C:\Program Files\Java\jdk1.8.0_161;c:\apache-tomcat-8.5.30;c:\apache-maven-3.5.2\bin;c:\apache-maven-3.5.2;C:\Program Files\Microsoft SQL Server\Client SDK\ODBC\130\Tools\Binn\;C:\Program Files (x86)\Microsoft SQL Server\140\Tools\Binn\;C:\Program Files\Microsoft SQL Server\140\Tools\Binn\;C:\Program Files\Microsoft SQL Server\140\DTS\Binn\;C:\Program Files (x86)\Microsoft SQL Server\150\DTS\Binn\;c:\Program Files\Git;c:\Program Files\Git\bin;c:\apache-tomcat-8.0;c:\apache-tomcat-8.0\bin;C:\Gradle\gradle-4.10.2;C:\Gradle\gradle-4.10.2\bin;C:\Program Files (x86)\OpenShift;C:\Program Files\heroku\bin, USERDOMAIN_ROAMINGPROFILE=MONTREAL, GIT_HOME=c:\Program Files\Git, PROCESSOR_LEVEL=6, SYSTEMDRIVE=C:, FP_NO_HOST_CHECK=NO, SESSIONNAME=Console, ALLUSERSPROFILE=C:\ProgramData, PROCESSOR_ARCHITECTURE=AMD64, JRE_HOME=C:\Program Files\Java\jdk1.8.0_161, COMMANDER_INI=C:\Users\Jacek\AppData\Roaming\GHISLER\wincmd.ini, MAVEN_HOME=c:\apache-maven-3.5.2\bin\.., PROGRAMFILES=C:\Program Files, PSMODULEPATH=C:\Windows\system32\WindowsPowerShell\v1.0\Modules\;C:\Program Files (x86)\Microsoft SQL Server\140\Tools\PowerShell\Modules\, PROGRAMDATA=C:\ProgramData, USERNAME=Jacek, TOMCAT_HOME=c:\apache-tomcat-8.0, WDIR=c:\Users\Jacek\workspace_EE_jee-MyWork_2\Spring-Security-Registration-Process-01, PATHEXT=.COM;.EXE;.BAT;.CMD;.VBS;.VBE;.JS;.JSE;.WSF;.WSH;.MSC, CLASSWORLDS_JAR="c:\apache-maven-3.5.2\bin\..\boot\plexus-classworlds-2.5.2.jar", UOIPME_REG_PATH=C:\Program Files\Intel Corporation\USB over IP, WINDIR=C:\Windows, COMMANDER_PATH=C:\totalcmd, HOMEPATH=\Users\Jacek, PROCESSOR_IDENTIFIER=Intel64 Family 6 Model 61 Stepping 4, GenuineIntel, PUBLIC=C:\Users\Public, =::=::\, =EXITCODE=00000001, LOCALAPPDATA=C:\Users\Jacek\AppData\Local, COMMANDER_EXE=C:\totalcmd\TOTALCMD64.EXE, COMMANDER_DRIVE=C:, COMMONPROGRAMFILES(X86)=C:\Program Files (x86)\Common Files, USERDOMAIN=MONTREAL, LOGONSERVER=\\MicrosoftAccount, JAVA_HOME=C:\Program Files\Java\jdk1.8.0_161, PROMPT=$P$G, PROGRAMFILES(X86)=C:\Program Files (x86), ERROR_CODE=0, EXEC_DIR=c:\Users\Jacek\workspace_EE_jee-MyWork_2\Spring-Security-Registration-Process-01, GRADLE_HOME=C:\Gradle\gradle-4.10.2, =C:=c:\Users\Jacek\workspace_EE_jee-MyWork_2\Spring-Security-Registration-Process-01, APPDATA=C:\Users\Jacek\AppData\Roaming, PROGRAMW6432=C:\Program Files, SYSTEMROOT=C:\Windows, MAVEN_CMD_LINE_ARGS=package, OS=Windows_NT, COMMONPROGRAMW6432=C:\Program Files\Common Files, COMPUTERNAME=MONTREAL, COMMONPROGRAMFILES=C:\Program Files\Common Files, COMSPEC=C:\Windows\system32\cmd.exe, CATALINA_HOME=c:\apache-tomcat-8.0, JAVACMD=C:\Program Files\Java\jdk1.8.0_161\bin\java.exe, MAVEN_PROJECTBASEDIR=c:\Users\Jacek\workspace_EE_jee-MyWork_2\Spring-Security-Registration-Process-01, COMMANDER_INSTANCE=1, PROCESSOR_REVISION=3d04, CLASSWORLDS_LAUNCHER=org.codehaus.plexus.classworlds.launcher.Launcher, TEMP=C:\Users\Jacek\AppData\Local\Temp, HOMEDRIVE=C:, USERPROFILE=C:\Users\Jacek, TMP=C:\Users\Jacek\AppData\Local\Temp, NUMBER_OF_PROCESSORS=4, JVMCONFIG=\.mvn\jvm.config}}]
06:52:05.040 [main] DEBUG org.springframework.core.io.support.PathMatchingResourcePatternResolver - Resolved classpath location [com/caveofprogramming/] to resources [URL [file:/c:/Users/Jacek/workspace_EE_jee-MyWork_2/Spring-Security-Registration-Process-01/target/test-classes/com/caveofprogramming/], URL [file:/c:/Users/Jacek/workspace_EE_jee-MyWork_2/Spring-Security-Registration-Process-01/target/classes/com/caveofprogramming/]]
06:52:05.042 [main] DEBUG org.springframework.core.io.support.PathMatchingResourcePatternResolver - Looking for matching resources in directory tree [c:\Users\Jacek\workspace_EE_jee-MyWork_2\Spring-Security-Registration-Process-01\target\test-classes\com\caveofprogramming]
06:52:05.044 [main] DEBUG org.springframework.core.io.support.PathMatchingResourcePatternResolver - Searching directory [c:\Users\Jacek\workspace_EE_jee-MyWork_2\Spring-Security-Registration-Process-01\target\test-classes\com\caveofprogramming] for files matching pattern [c:/Users/Jacek/workspace_EE_jee-MyWork_2/Spring-Security-Registration-Process-01/target/test-classes/com/caveofprogramming/*.class]
06:52:05.059 [main] DEBUG org.springframework.core.io.support.PathMatchingResourcePatternResolver - Looking for matching resources in directory tree [c:\Users\Jacek\workspace_EE_jee-MyWork_2\Spring-Security-Registration-Process-01\target\classes\com\caveofprogramming]
06:52:05.060 [main] DEBUG org.springframework.core.io.support.PathMatchingResourcePatternResolver - Searching directory [c:\Users\Jacek\workspace_EE_jee-MyWork_2\Spring-Security-Registration-Process-01\target\classes\com\caveofprogramming] for files matching pattern [c:/Users/Jacek/workspace_EE_jee-MyWork_2/Spring-Security-Registration-Process-01/target/classes/com/caveofprogramming/*.class]
06:52:05.063 [main] DEBUG org.springframework.core.io.support.PathMatchingResourcePatternResolver - Resolved location pattern [classpath*:com/caveofprogramming/*.class] to resources [file [c:\Users\Jacek\workspace_EE_jee-MyWork_2\Spring-Security-Registration-Process-01\target\test-classes\com\caveofprogramming\HelloControllerIT.class], file [c:\Users\Jacek\workspace_EE_jee-MyWork_2\Spring-Security-Registration-Process-01\target\test-classes\com\caveofprogramming\HelloControllerTest.class], file [c:\Users\Jacek\workspace_EE_jee-MyWork_2\Spring-Security-Registration-Process-01\target\classes\com\caveofprogramming\App.class]]
06:52:05.368 [main] DEBUG org.springframework.context.annotation.ClassPathScanningCandidateComponentProvider - Identified candidate component class: file [c:\Users\Jacek\workspace_EE_jee-MyWork_2\Spring-Security-Registration-Process-01\target\classes\com\caveofprogramming\App.class]
06:52:05.378 [main] INFO org.springframework.boot.test.context.SpringBootTestContextBootstrapper - Found @SpringBootConfiguration com.caveofprogramming.App for test class com.caveofprogramming.HelloControllerTest
06:52:05.728 [main] DEBUG org.springframework.boot.test.context.SpringBootTestContextBootstrapper - @TestExecutionListeners is not present for class [com.caveofprogramming.HelloControllerTest]: using defaults.
06:52:05.729 [main] INFO org.springframework.boot.test.context.SpringBootTestContextBootstrapper - Loaded default TestExecutionListener class names from location [META-INF/spring.factories]: [org.springframework.boot.test.mock.mockito.MockitoTestExecutionListener, org.springframework.boot.test.mock.mockito.ResetMocksTestExecutionListener, org.springframework.boot.test.autoconfigure.restdocs.RestDocsTestExecutionListener, org.springframework.boot.test.autoconfigure.web.client.MockRestServiceServerResetTestExecutionListener, org.springframework.boot.test.autoconfigure.web.servlet.MockMvcPrintOnlyOnFailureTestExecutionListener, org.springframework.boot.test.autoconfigure.web.servlet.WebDriverTestExecutionListener, org.springframework.test.context.web.ServletTestExecutionListener, org.springframework.test.context.support.DirtiesContextBeforeModesTestExecutionListener, org.springframework.test.context.support.DependencyInjectionTestExecutionListener, org.springframework.test.context.support.DirtiesContextTestExecutionListener, org.springframework.test.context.transaction.TransactionalTestExecutionListener, org.springframework.test.context.jdbc.SqlScriptsTestExecutionListener, org.springframework.security.test.context.support.WithSecurityContextTestExecutionListener, org.springframework.security.test.context.support.ReactorContextTestExecutionListener]
06:52:05.797 [main] INFO org.springframework.boot.test.context.SpringBootTestContextBootstrapper - Using TestExecutionListeners: [org.springframework.test.context.web.ServletTestExecutionListener@236e3f4e, org.springframework.test.context.support.DirtiesContextBeforeModesTestExecutionListener@3cc1435c, org.springframework.boot.test.mock.mockito.MockitoTestExecutionListener@6bf0219d, org.springframework.boot.test.autoconfigure.SpringBootDependencyInjectionTestExecutionListener@dd0c991, org.springframework.test.context.support.DirtiesContextTestExecutionListener@5f16132a, org.springframework.test.context.transaction.TransactionalTestExecutionListener@69fb6037, org.springframework.test.context.jdbc.SqlScriptsTestExecutionListener@36d585c, org.springframework.security.test.context.support.WithSecurityContextTestExecutionListener@87a85e1, org.springframework.security.test.context.support.ReactorContextTestExecutionListener@671a5887, org.springframework.boot.test.mock.mockito.ResetMocksTestExecutionListener@5552768b, org.springframework.boot.test.autoconfigure.restdocs.RestDocsTestExecutionListener@3c947bc5, org.springframework.boot.test.autoconfigure.web.client.MockRestServiceServerResetTestExecutionListener@609db43b, org.springframework.boot.test.autoconfigure.web.servlet.MockMvcPrintOnlyOnFailureTestExecutionListener@55f616cf, org.springframework.boot.test.autoconfigure.web.servlet.WebDriverTestExecutionListener@1356d4d4]
06:52:05.802 [main] DEBUG org.springframework.test.annotation.ProfileValueUtils - Retrieved @ProfileValueSourceConfiguration [null] for test class [com.caveofprogramming.HelloControllerTest]
06:52:05.804 [main] DEBUG org.springframework.test.annotation.ProfileValueUtils - Retrieved ProfileValueSource type [class org.springframework.test.annotation.SystemProfileValueSource] for class [com.caveofprogramming.HelloControllerTest]
06:52:05.810 [main] DEBUG org.springframework.test.annotation.ProfileValueUtils - Retrieved @ProfileValueSourceConfiguration [null] for test class [com.caveofprogramming.HelloControllerTest]
06:52:05.810 [main] DEBUG org.springframework.test.annotation.ProfileValueUtils - Retrieved ProfileValueSource type [class org.springframework.test.annotation.SystemProfileValueSource] for class [com.caveofprogramming.HelloControllerTest]
06:52:05.813 [main] DEBUG org.springframework.test.annotation.ProfileValueUtils - Retrieved @ProfileValueSourceConfiguration [null] for test class [com.caveofprogramming.HelloControllerTest]
06:52:05.814 [main] DEBUG org.springframework.test.annotation.ProfileValueUtils - Retrieved ProfileValueSource type [class org.springframework.test.annotation.SystemProfileValueSource] for class [com.caveofprogramming.HelloControllerTest]
06:52:05.825 [main] DEBUG org.springframework.test.context.support.AbstractDirtiesContextTestExecutionListener - Before test class: context [DefaultTestContext@52102734 testClass = HelloControllerTest, testInstance = [null], testMethod = [null], testException = [null], mergedContextConfiguration = [WebMergedContextConfiguration@3541cb24 testClass = HelloControllerTest, locations = '{}', classes = '{class com.caveofprogramming.App}', contextInitializerClasses = '[]', activeProfiles = '{}', propertySourceLocations = '{}', propertySourceProperties = '{org.springframework.boot.test.context.SpringBootTestContextBootstrapper=true}', contextCustomizers = set[[ImportsContextCustomizer@2177849e key = [org.springframework.boot.test.autoconfigure.web.servlet.MockMvcAutoConfiguration, org.springframework.boot.test.autoconfigure.web.servlet.MockMvcSecurityAutoConfiguration, org.springframework.boot.test.autoconfigure.web.servlet.MockMvcWebClientAutoConfiguration, org.springframework.boot.test.autoconfigure.web.servlet.MockMvcWebDriverAutoConfiguration]], org.springframework.boot.test.context.filter.ExcludeFilterContextCustomizer@64d2d351, org.springframework.boot.test.json.DuplicateJsonObjectContextCustomizerFactory$DuplicateJsonObjectContextCustomizer@491666ad, org.springframework.boot.test.mock.mockito.MockitoContextCustomizer@0, org.springframework.boot.test.web.client.TestRestTemplateContextCustomizer@2ea6137, org.springframework.boot.test.autoconfigure.properties.PropertyMappingContextCustomizer@e7e8512, org.springframework.boot.test.autoconfigure.web.servlet.WebDriverContextCustomizerFactory$Customizer@589b3632], resourceBasePath = 'src/main/webapp', contextLoader = 'org.springframework.boot.test.context.SpringBootContextLoader', parent = [null]], attributes = map['org.springframework.test.context.web.ServletTestExecutionListener.activateListener' -> true]], class annotated with @DirtiesContext [false] with mode [null].
06:52:05.828 [main] DEBUG org.springframework.test.annotation.ProfileValueUtils - Retrieved @ProfileValueSourceConfiguration [null] for test class [com.caveofprogramming.HelloControllerTest]
06:52:05.829 [main] DEBUG org.springframework.test.annotation.ProfileValueUtils - Retrieved ProfileValueSource type [class org.springframework.test.annotation.SystemProfileValueSource] for class [com.caveofprogramming.HelloControllerTest]
06:52:05.910 [main] DEBUG org.springframework.core.env.StandardEnvironment - Adding PropertySource 'systemProperties' with lowest search precedence
06:52:05.911 [main] DEBUG org.springframework.core.env.StandardEnvironment - Adding PropertySource 'systemEnvironment' with lowest search precedence
06:52:05.912 [main] DEBUG org.springframework.core.env.StandardEnvironment - Initialized StandardEnvironment with PropertySources [MapPropertySource@1810742349 {name='systemProperties', properties={java.runtime.name=Java(TM) SE Runtime Environment, sun.boot.library.path=C:\Program Files\Java\jdk1.8.0_161\jre\bin, java.vm.version=25.161-b12, java.vm.vendor=Oracle Corporation, java.vendor.url=http://java.oracle.com/, path.separator=;, java.vm.name=Java HotSpot(TM) 64-Bit Server VM, file.encoding.pkg=sun.io, user.country=PL, user.script=, sun.java.launcher=SUN_STANDARD, sun.os.patch.level=, java.vm.specification.name=Java Virtual Machine Specification, user.dir=c:\Users\Jacek\workspace_EE_jee-MyWork_2\Spring-Security-Registration-Process-01, java.runtime.version=1.8.0_161-b12, basedir=c:\Users\Jacek\workspace_EE_jee-MyWork_2\Spring-Security-Registration-Process-01, java.awt.graphicsenv=sun.awt.Win32GraphicsEnvironment, java.endorsed.dirs=C:\Program Files\Java\jdk1.8.0_161\jre\lib\endorsed, os.arch=amd64, surefire.real.class.path=C:\Users\Jacek\AppData\Local\Temp\surefire6870956318573447424\surefirebooter4497931717648566666.jar, java.io.tmpdir=C:\Users\Jacek\AppData\Local\Temp\, line.separator=
, java.vm.specification.vendor=Oracle Corporation, user.variant=, os.name=Windows 8.1, sun.jnu.encoding=Cp1250, java.library.path=C:\Program Files\Java\jdk1.8.0_161\jre\bin;C:\Windows\Sun\Java\bin;C:\Windows\system32;C:\Windows;C:\Program Files (x86)\ActiveState Komodo Edit 7\;C:\ProgramData\Oracle\Java\javapath;C:\Program Files (x86)\NVIDIA Corporation\PhysX\Common;C:\Program Files (x86)\Intel\iCLS Client\;C:\Program Files\Intel\iCLS Client\;C:\Windows\system32;C:\Windows;C:\Windows\System32\Wbem;C:\Windows\System32\WindowsPowerShell\v1.0\;C:\Program Files\Intel\Intel(R) Management Engine Components\DAL;C:\Program Files (x86)\Intel\Intel(R) Management Engine Components\DAL;C:\Program Files\Intel\Intel(R) Management Engine Components\IPT;C:\Program Files (x86)\Intel\Intel(R) Management Engine Components\IPT;C:\Program Files\Intel\WiFi\bin\;C:\Program Files\Common Files\Intel\WirelessCommon\;C:\Program Files (x86)\MySQL\MySQL Utilities 1.6;C:\Program Files\Java\jre1.8.0_161;C:\Program Files\Java\jdk1.8.0_161;c:\apache-tomcat-8.5.30;c:\apache-maven-3.5.2\bin;c:\apache-maven-3.5.2;C:\Program Files\Microsoft SQL Server\Client SDK\ODBC\130\Tools\Binn\;C:\Program Files (x86)\Microsoft SQL Server\140\Tools\Binn\;C:\Program Files\Microsoft SQL Server\140\Tools\Binn\;C:\Program Files\Microsoft SQL Server\140\DTS\Binn\;C:\Program Files (x86)\Microsoft SQL Server\150\DTS\Binn\;c:\Program Files\Git;c:\Program Files\Git\bin;c:\apache-tomcat-8.0;c:\apache-tomcat-8.0\bin;C:\Gradle\gradle-4.10.2;C:\Gradle\gradle-4.10.2\bin;C:\Program Files (x86)\OpenShift;C:\Program Files\heroku\bin;., surefire.test.class.path=c:\Users\Jacek\workspace_EE_jee-MyWork_2\Spring-Security-Registration-Process-01\target\test-classes;c:\Users\Jacek\workspace_EE_jee-MyWork_2\Spring-Security-Registration-Process-01\target\classes;C:\Users\Jacek\.m2\repository\org\springframework\boot\spring-boot-starter-actuator\2.0.4.RELEASE\spring-boot-starter-actuator-2.0.4.RELEASE.jar;C:\Users\Jacek\.m2\repository\org\springframework\boot\spring-boot-starter\2.0.4.RELEASE\spring-boot-starter-2.0.4.RELEASE.jar;C:\Users\Jacek\.m2\repository\org\springframework\boot\spring-boot-starter-logging\2.0.4.RELEASE\spring-boot-starter-logging-2.0.4.RELEASE.jar;C:\Users\Jacek\.m2\repository\ch\qos\logback\logback-classic\1.2.3\logback-classic-1.2.3.jar;C:\Users\Jacek\.m2\repository\org\apache\logging\log4j\log4j-to-slf4j\2.10.0\log4j-to-slf4j-2.10.0.jar;C:\Users\Jacek\.m2\repository\org\apache\logging\log4j\log4j-api\2.10.0\log4j-api-2.10.0.jar;C:\Users\Jacek\.m2\repository\org\slf4j\jul-to-slf4j\1.7.25\jul-to-slf4j-1.7.25.jar;C:\Users\Jacek\.m2\repository\javax\annotation\javax.annotation-api\1.3.2\javax.annotation-api-1.3.2.jar;C:\Users\Jacek\.m2\repository\org\yaml\snakeyaml\1.19\snakeyaml-1.19.jar;C:\Users\Jacek\.m2\repository\org\springframework\boot\spring-boot-actuator-autoconfigure\2.0.4.RELEASE\spring-boot-actuator-autoconfigure-2.0.4.RELEASE.jar;C:\Users\Jacek\.m2\repository\org\springframework\boot\spring-boot-actuator\2.0.4.RELEASE\spring-boot-actuator-2.0.4.RELEASE.jar;C:\Users\Jacek\.m2\repository\com\fasterxml\jackson\datatype\jackson-datatype-jsr310\2.9.6\jackson-datatype-jsr310-2.9.6.jar;C:\Users\Jacek\.m2\repository\io\micrometer\micrometer-core\1.0.6\micrometer-core-1.0.6.jar;C:\Users\Jacek\.m2\repository\org\hdrhistogram\HdrHistogram\2.1.10\HdrHistogram-2.1.10.jar;C:\Users\Jacek\.m2\repository\org\latencyutils\LatencyUtils\2.0.3\LatencyUtils-2.0.3.jar;C:\Users\Jacek\.m2\repository\org\springframework\boot\spring-boot-starter-web\2.0.4.RELEASE\spring-boot-starter-web-2.0.4.RELEASE.jar;C:\Users\Jacek\.m2\repository\org\springframework\boot\spring-boot-starter-json\2.0.4.RELEASE\spring-boot-starter-json-2.0.4.RELEASE.jar;C:\Users\Jacek\.m2\repository\com\fasterxml\jackson\datatype\jackson-datatype-jdk8\2.9.6\jackson-datatype-jdk8-2.9.6.jar;C:\Users\Jacek\.m2\repository\com\fasterxml\jackson\module\jackson-module-parameter-names\2.9.6\jackson-module-parameter-names-2.9.6.jar;C:\Users\Jacek\.m2\repository\org\springframework\boot\spring-boot-starter-tomcat\2.0.4.RELEASE\spring-boot-starter-tomcat-2.0.4.RELEASE.jar;C:\Users\Jacek\.m2\repository\org\apache\tomcat\embed\tomcat-embed-websocket\8.5.34\tomcat-embed-websocket-8.5.34.jar;C:\Users\Jacek\.m2\repository\org\hibernate\validator\hibernate-validator\6.0.11.Final\hibernate-validator-6.0.11.Final.jar;C:\Users\Jacek\.m2\repository\javax\validation\validation-api\2.0.1.Final\validation-api-2.0.1.Final.jar;C:\Users\Jacek\.m2\repository\org\jboss\logging\jboss-logging\3.3.2.Final\jboss-logging-3.3.2.Final.jar;C:\Users\Jacek\.m2\repository\com\fasterxml\classmate\1.3.4\classmate-1.3.4.jar;C:\Users\Jacek\.m2\repository\org\springframework\spring-web\5.0.8.RELEASE\spring-web-5.0.8.RELEASE.jar;C:\Users\Jacek\.m2\repository\org\springframework\spring-webmvc\5.0.8.RELEASE\spring-webmvc-5.0.8.RELEASE.jar;C:\Users\Jacek\.m2\repository\org\springframework\boot\spring-boot-starter-test\2.0.4.RELEASE\spring-boot-starter-test-2.0.4.RELEASE.jar;C:\Users\Jacek\.m2\repository\org\springframework\boot\spring-boot-test\2.0.4.RELEASE\spring-boot-test-2.0.4.RELEASE.jar;C:\Users\Jacek\.m2\repository\org\springframework\boot\spring-boot-test-autoconfigure\2.0.4.RELEASE\spring-boot-test-autoconfigure-2.0.4.RELEASE.jar;C:\Users\Jacek\.m2\repository\com\jayway\jsonpath\json-path\2.4.0\json-path-2.4.0.jar;C:\Users\Jacek\.m2\repository\net\minidev\json-smart\2.3\json-smart-2.3.jar;C:\Users\Jacek\.m2\repository\net\minidev\accessors-smart\1.2\accessors-smart-1.2.jar;C:\Users\Jacek\.m2\repository\org\ow2\asm\asm\5.0.4\asm-5.0.4.jar;C:\Users\Jacek\.m2\repository\junit\junit\4.12\junit-4.12.jar;C:\Users\Jacek\.m2\repository\org\assertj\assertj-core\3.9.1\assertj-core-3.9.1.jar;C:\Users\Jacek\.m2\repository\org\mockito\mockito-core\2.15.0\mockito-core-2.15.0.jar;C:\Users\Jacek\.m2\repository\net\bytebuddy\byte-buddy\1.7.11\byte-buddy-1.7.11.jar;C:\Users\Jacek\.m2\repository\net\bytebuddy\byte-buddy-agent\1.7.11\byte-buddy-agent-1.7.11.jar;C:\Users\Jacek\.m2\repository\org\objenesis\objenesis\2.6\objenesis-2.6.jar;C:\Users\Jacek\.m2\repository\org\hamcrest\hamcrest-core\1.3\hamcrest-core-1.3.jar;C:\Users\Jacek\.m2\repository\org\hamcrest\hamcrest-library\1.3\hamcrest-library-1.3.jar;C:\Users\Jacek\.m2\repository\org\skyscreamer\jsonassert\1.5.0\jsonassert-1.5.0.jar;C:\Users\Jacek\.m2\repository\com\vaadin\external\google\android-json\0.0.20131108.vaadin1\android-json-0.0.20131108.vaadin1.jar;C:\Users\Jacek\.m2\repository\org\springframework\spring-core\5.0.8.RELEASE\spring-core-5.0.8.RELEASE.jar;C:\Users\Jacek\.m2\repository\org\springframework\spring-jcl\5.0.8.RELEASE\spring-jcl-5.0.8.RELEASE.jar;C:\Users\Jacek\.m2\repository\org\springframework\spring-test\5.0.8.RELEASE\spring-test-5.0.8.RELEASE.jar;C:\Users\Jacek\.m2\repository\org\xmlunit\xmlunit-core\2.5.1\xmlunit-core-2.5.1.jar;C:\Users\Jacek\.m2\repository\org\springframework\boot\spring-boot-devtools\2.0.4.RELEASE\spring-boot-devtools-2.0.4.RELEASE.jar;C:\Users\Jacek\.m2\repository\org\springframework\boot\spring-boot\2.0.4.RELEASE\spring-boot-2.0.4.RELEASE.jar;C:\Users\Jacek\.m2\repository\org\springframework\boot\spring-boot-autoconfigure\2.0.4.RELEASE\spring-boot-autoconfigure-2.0.4.RELEASE.jar;C:\Users\Jacek\.m2\repository\org\springframework\boot\spring-boot-configuration-processor\2.0.4.RELEASE\spring-boot-configuration-processor-2.0.4.RELEASE.jar;C:\Users\Jacek\.m2\repository\javax\servlet\jstl\1.2\jstl-1.2.jar;C:\Users\Jacek\.m2\repository\org\webjars\jquery\3.3.1-1\jquery-3.3.1-1.jar;C:\Users\Jacek\.m2\repository\org\webjars\jquery-ui\1.12.1\jquery-ui-1.12.1.jar;C:\Users\Jacek\.m2\repository\org\webjars\bootstrap\4.1.0\bootstrap-4.1.0.jar;C:\Users\Jacek\.m2\repository\org\webjars\popper.js\1.14.1\popper.js-1.14.1.jar;C:\Users\Jacek\.m2\repository\org\apache\tomcat\embed\tomcat-embed-core\8.5.34\tomcat-embed-core-8.5.34.jar;C:\Users\Jacek\.m2\repository\org\apache\tomcat\tomcat-annotations-api\8.5.34\tomcat-annotations-api-8.5.34.jar;C:\Users\Jacek\.m2\repository\org\apache\tomcat\embed\tomcat-embed-jasper\8.5.34\tomcat-embed-jasper-8.5.34.jar;C:\Users\Jacek\.m2\repository\org\apache\tomcat\embed\tomcat-embed-el\8.5.34\tomcat-embed-el-8.5.34.jar;C:\Users\Jacek\.m2\repository\org\eclipse\jdt\ecj\3.12.3\ecj-3.12.3.jar;C:\Users\Jacek\.m2\repository\org\apache\tomcat\tomcat-jasper\8.5.34\tomcat-jasper-8.5.34.jar;C:\Users\Jacek\.m2\repository\org\apache\tomcat\tomcat-servlet-api\8.5.34\tomcat-servlet-api-8.5.34.jar;C:\Users\Jacek\.m2\repository\org\apache\tomcat\tomcat-juli\8.5.34\tomcat-juli-8.5.34.jar;C:\Users\Jacek\.m2\repository\org\apache\tomcat\tomcat-el-api\8.5.34\tomcat-el-api-8.5.34.jar;C:\Users\Jacek\.m2\repository\org\apache\tomcat\tomcat-api\8.5.34\tomcat-api-8.5.34.jar;C:\Users\Jacek\.m2\repository\org\apache\tomcat\tomcat-util-scan\8.5.34\tomcat-util-scan-8.5.34.jar;C:\Users\Jacek\.m2\repository\org\apache\tomcat\tomcat-util\8.5.34\tomcat-util-8.5.34.jar;C:\Users\Jacek\.m2\repository\org\apache\tomcat\tomcat-jasper-el\8.5.34\tomcat-jasper-el-8.5.34.jar;C:\Users\Jacek\.m2\repository\org\apache\tomcat\tomcat-jsp-api\8.5.34\tomcat-jsp-api-8.5.34.jar;C:\Users\Jacek\.m2\repository\org\apache\tiles\tiles-core\3.0.5\tiles-core-3.0.5.jar;C:\Users\Jacek\.m2\repository\org\apache\tiles\tiles-api\3.0.5\tiles-api-3.0.5.jar;C:\Users\Jacek\.m2\repository\org\apache\tiles\tiles-request-api\1.0.6\tiles-request-api-1.0.6.jar;C:\Users\Jacek\.m2\repository\commons-digester\commons-digester\2.0\commons-digester-2.0.jar;C:\Users\Jacek\.m2\repository\commons-beanutils\commons-beanutils\1.8.0\commons-beanutils-1.8.0.jar;C:\Users\Jacek\.m2\repository\org\slf4j\jcl-over-slf4j\1.7.25\jcl-over-slf4j-1.7.25.jar;C:\Users\Jacek\.m2\repository\org\slf4j\slf4j-api\1.7.25\slf4j-api-1.7.25.jar;C:\Users\Jacek\.m2\repository\org\apache\tiles\tiles-jsp\3.0.5\tiles-jsp-3.0.5.jar;C:\Users\Jacek\.m2\repository\org\apache\tiles\tiles-servlet\3.0.5\tiles-servlet-3.0.5.jar;C:\Users\Jacek\.m2\repository\org\apache\tiles\tiles-request-servlet\1.0.6\tiles-request-servlet-1.0.6.jar;C:\Users\Jacek\.m2\repository\org\apache\tiles\tiles-template\3.0.5\tiles-template-3.0.5.jar;C:\Users\Jacek\.m2\repository\org\apache\tiles\tiles-autotag-core-runtime\1.1.0\tiles-autotag-core-runtime-1.1.0.jar;C:\Users\Jacek\.m2\repository\org\apache\tiles\tiles-request-jsp\1.0.6\tiles-request-jsp-1.0.6.jar;C:\Users\Jacek\.m2\repository\org\springframework\boot\spring-boot-starter-security\2.0.4.RELEASE\spring-boot-starter-security-2.0.4.RELEASE.jar;C:\Users\Jacek\.m2\repository\org\springframework\spring-aop\5.0.8.RELEASE\spring-aop-5.0.8.RELEASE.jar;C:\Users\Jacek\.m2\repository\org\springframework\security\spring-security-config\5.0.7.RELEASE\spring-security-config-5.0.7.RELEASE.jar;C:\Users\Jacek\.m2\repository\org\springframework\security\spring-security-web\5.0.7.RELEASE\spring-security-web-5.0.7.RELEASE.jar;C:\Users\Jacek\.m2\repository\org\springframework\security\spring-security-taglibs\5.0.7.RELEASE\spring-security-taglibs-5.0.7.RELEASE.jar;C:\Users\Jacek\.m2\repository\org\springframework\security\spring-security-acl\5.0.7.RELEASE\spring-security-acl-5.0.7.RELEASE.jar;C:\Users\Jacek\.m2\repository\org\springframework\spring-jdbc\5.0.8.RELEASE\spring-jdbc-5.0.8.RELEASE.jar;C:\Users\Jacek\.m2\repository\org\springframework\spring-tx\5.0.8.RELEASE\spring-tx-5.0.8.RELEASE.jar;C:\Users\Jacek\.m2\repository\org\springframework\security\spring-security-core\5.0.7.RELEASE\spring-security-core-5.0.7.RELEASE.jar;C:\Users\Jacek\.m2\repository\org\springframework\spring-beans\5.0.8.RELEASE\spring-beans-5.0.8.RELEASE.jar;C:\Users\Jacek\.m2\repository\org\springframework\spring-context\5.0.8.RELEASE\spring-context-5.0.8.RELEASE.jar;C:\Users\Jacek\.m2\repository\org\springframework\spring-expression\5.0.8.RELEASE\spring-expression-5.0.8.RELEASE.jar;C:\Users\Jacek\.m2\repository\org\springframework\security\spring-security-test\5.0.7.RELEASE\spring-security-test-5.0.7.RELEASE.jar;C:\Users\Jacek\.m2\repository\org\springframework\boot\spring-boot-starter-thymeleaf\2.0.4.RELEASE\spring-boot-starter-thymeleaf-2.0.4.RELEASE.jar;C:\Users\Jacek\.m2\repository\org\thymeleaf\thymeleaf-spring5\3.0.9.RELEASE\thymeleaf-spring5-3.0.9.RELEASE.jar;C:\Users\Jacek\.m2\repository\org\thymeleaf\thymeleaf\3.0.9.RELEASE\thymeleaf-3.0.9.RELEASE.jar;C:\Users\Jacek\.m2\repository\org\attoparser\attoparser\2.0.4.RELEASE\attoparser-2.0.4.RELEASE.jar;C:\Users\Jacek\.m2\repository\org\unbescape\unbescape\1.1.5.RELEASE\unbescape-1.1.5.RELEASE.jar;C:\Users\Jacek\.m2\repository\org\thymeleaf\extras\thymeleaf-extras-java8time\3.0.1.RELEASE\thymeleaf-extras-java8time-3.0.1.RELEASE.jar;C:\Users\Jacek\.m2\repository\org\springframework\boot\spring-boot-starter-mail\2.0.1.RELEASE\spring-boot-starter-mail-2.0.1.RELEASE.jar;C:\Users\Jacek\.m2\repository\org\springframework\spring-context-support\5.0.8.RELEASE\spring-context-support-5.0.8.RELEASE.jar;C:\Users\Jacek\.m2\repository\com\sun\mail\javax.mail\1.6.1\javax.mail-1.6.1.jar;C:\Users\Jacek\.m2\repository\javax\activation\activation\1.1\activation-1.1.jar;C:\Users\Jacek\.m2\repository\com\googlecode\owasp-java-html-sanitizer\owasp-java-html-sanitizer\20181114.1\owasp-java-html-sanitizer-20181114.1.jar;C:\Users\Jacek\.m2\repository\org\jboss\aerogear\aerogear-otp-java\1.0.0\aerogear-otp-java-1.0.0.jar;C:\Users\Jacek\.m2\repository\javax\el\el-api\2.2\el-api-2.2.jar;C:\Users\Jacek\.m2\repository\org\passay\passay\1.0\passay-1.0.jar;C:\Users\Jacek\.m2\repository\org\cryptacular\cryptacular\1.0\cryptacular-1.0.jar;C:\Users\Jacek\.m2\repository\org\bouncycastle\bcprov-jdk15on\1.50\bcprov-jdk15on-1.50.jar;C:\Users\Jacek\.m2\repository\com\google\guava\guava\20.0\guava-20.0.jar;C:\Users\Jacek\.m2\repository\io\rest-assured\rest-assured\3.0.7\rest-assured-3.0.7.jar;C:\Users\Jacek\.m2\repository\org\codehaus\groovy\groovy\2.4.15\groovy-2.4.15.jar;C:\Users\Jacek\.m2\repository\org\codehaus\groovy\groovy-xml\2.4.15\groovy-xml-2.4.15.jar;C:\Users\Jacek\.m2\repository\org\apache\httpcomponents\httpclient\4.5.6\httpclient-4.5.6.jar;C:\Users\Jacek\.m2\repository\org\apache\httpcomponents\httpcore\4.4.10\httpcore-4.4.10.jar;C:\Users\Jacek\.m2\repository\commons-codec\commons-codec\1.11\commons-codec-1.11.jar;C:\Users\Jacek\.m2\repository\org\apache\httpcomponents\httpmime\4.5.6\httpmime-4.5.6.jar;C:\Users\Jacek\.m2\repository\org\ccil\cowan\tagsoup\tagsoup\1.2.1\tagsoup-1.2.1.jar;C:\Users\Jacek\.m2\repository\io\rest-assured\json-path\3.0.7\json-path-3.0.7.jar;C:\Users\Jacek\.m2\repository\org\codehaus\groovy\groovy-json\2.4.15\groovy-json-2.4.15.jar;C:\Users\Jacek\.m2\repository\io\rest-assured\rest-assured-common\3.0.7\rest-assured-common-3.0.7.jar;C:\Users\Jacek\.m2\repository\io\rest-assured\xml-path\3.0.7\xml-path-3.0.7.jar;C:\Users\Jacek\.m2\repository\org\apache\commons\commons-lang3\3.7\commons-lang3-3.7.jar;C:\Users\Jacek\.m2\repository\javax\xml\bind\jaxb-api\2.3.0\jaxb-api-2.3.0.jar;C:\Users\Jacek\.m2\repository\net\logstash\logback\logstash-logback-encoder\4.8\logstash-logback-encoder-4.8.jar;C:\Users\Jacek\.m2\repository\ch\qos\logback\logback-core\1.2.3\logback-core-1.2.3.jar;C:\Users\Jacek\.m2\repository\com\fasterxml\jackson\core\jackson-databind\2.9.6\jackson-databind-2.9.6.jar;C:\Users\Jacek\.m2\repository\com\fasterxml\jackson\core\jackson-annotations\2.9.0\jackson-annotations-2.9.0.jar;C:\Users\Jacek\.m2\repository\com\fasterxml\jackson\core\jackson-core\2.9.6\jackson-core-2.9.6.jar;C:\Users\Jacek\.m2\repository\javax\interceptor\javax.interceptor-api\1.2\javax.interceptor-api-1.2.jar;, java.specification.name=Java Platform API Specification, java.class.version=52.0, sun.management.compiler=HotSpot 64-Bit Tiered Compilers, os.version=6.3, user.home=C:\Users\Jacek, user.timezone=Europe/Belgrade, java.awt.printerjob=sun.awt.windows.WPrinterJob, file.encoding=Cp1250, java.specification.version=1.8, java.class.path=c:\Users\Jacek\workspace_EE_jee-MyWork_2\Spring-Security-Registration-Process-01\target\test-classes;c:\Users\Jacek\workspace_EE_jee-MyWork_2\Spring-Security-Registration-Process-01\target\classes;C:\Users\Jacek\.m2\repository\org\springframework\boot\spring-boot-starter-actuator\2.0.4.RELEASE\spring-boot-starter-actuator-2.0.4.RELEASE.jar;C:\Users\Jacek\.m2\repository\org\springframework\boot\spring-boot-starter\2.0.4.RELEASE\spring-boot-starter-2.0.4.RELEASE.jar;C:\Users\Jacek\.m2\repository\org\springframework\boot\spring-boot-starter-logging\2.0.4.RELEASE\spring-boot-starter-logging-2.0.4.RELEASE.jar;C:\Users\Jacek\.m2\repository\ch\qos\logback\logback-classic\1.2.3\logback-classic-1.2.3.jar;C:\Users\Jacek\.m2\repository\org\apache\logging\log4j\log4j-to-slf4j\2.10.0\log4j-to-slf4j-2.10.0.jar;C:\Users\Jacek\.m2\repository\org\apache\logging\log4j\log4j-api\2.10.0\log4j-api-2.10.0.jar;C:\Users\Jacek\.m2\repository\org\slf4j\jul-to-slf4j\1.7.25\jul-to-slf4j-1.7.25.jar;C:\Users\Jacek\.m2\repository\javax\annotation\javax.annotation-api\1.3.2\javax.annotation-api-1.3.2.jar;C:\Users\Jacek\.m2\repository\org\yaml\snakeyaml\1.19\snakeyaml-1.19.jar;C:\Users\Jacek\.m2\repository\org\springframework\boot\spring-boot-actuator-autoconfigure\2.0.4.RELEASE\spring-boot-actuator-autoconfigure-2.0.4.RELEASE.jar;C:\Users\Jacek\.m2\repository\org\springframework\boot\spring-boot-actuator\2.0.4.RELEASE\spring-boot-actuator-2.0.4.RELEASE.jar;C:\Users\Jacek\.m2\repository\com\fasterxml\jackson\datatype\jackson-datatype-jsr310\2.9.6\jackson-datatype-jsr310-2.9.6.jar;C:\Users\Jacek\.m2\repository\io\micrometer\micrometer-core\1.0.6\micrometer-core-1.0.6.jar;C:\Users\Jacek\.m2\repository\org\hdrhistogram\HdrHistogram\2.1.10\HdrHistogram-2.1.10.jar;C:\Users\Jacek\.m2\repository\org\latencyutils\LatencyUtils\2.0.3\LatencyUtils-2.0.3.jar;C:\Users\Jacek\.m2\repository\org\springframework\boot\spring-boot-starter-web\2.0.4.RELEASE\spring-boot-starter-web-2.0.4.RELEASE.jar;C:\Users\Jacek\.m2\repository\org\springframework\boot\spring-boot-starter-json\2.0.4.RELEASE\spring-boot-starter-json-2.0.4.RELEASE.jar;C:\Users\Jacek\.m2\repository\com\fasterxml\jackson\datatype\jackson-datatype-jdk8\2.9.6\jackson-datatype-jdk8-2.9.6.jar;C:\Users\Jacek\.m2\repository\com\fasterxml\jackson\module\jackson-module-parameter-names\2.9.6\jackson-module-parameter-names-2.9.6.jar;C:\Users\Jacek\.m2\repository\org\springframework\boot\spring-boot-starter-tomcat\2.0.4.RELEASE\spring-boot-starter-tomcat-2.0.4.RELEASE.jar;C:\Users\Jacek\.m2\repository\org\apache\tomcat\embed\tomcat-embed-websocket\8.5.34\tomcat-embed-websocket-8.5.34.jar;C:\Users\Jacek\.m2\repository\org\hibernate\validator\hibernate-validator\6.0.11.Final\hibernate-validator-6.0.11.Final.jar;C:\Users\Jacek\.m2\repository\javax\validation\validation-api\2.0.1.Final\validation-api-2.0.1.Final.jar;C:\Users\Jacek\.m2\repository\org\jboss\logging\jboss-logging\3.3.2.Final\jboss-logging-3.3.2.Final.jar;C:\Users\Jacek\.m2\repository\com\fasterxml\classmate\1.3.4\classmate-1.3.4.jar;C:\Users\Jacek\.m2\repository\org\springframework\spring-web\5.0.8.RELEASE\spring-web-5.0.8.RELEASE.jar;C:\Users\Jacek\.m2\repository\org\springframework\spring-webmvc\5.0.8.RELEASE\spring-webmvc-5.0.8.RELEASE.jar;C:\Users\Jacek\.m2\repository\org\springframework\boot\spring-boot-starter-test\2.0.4.RELEASE\spring-boot-starter-test-2.0.4.RELEASE.jar;C:\Users\Jacek\.m2\repository\org\springframework\boot\spring-boot-test\2.0.4.RELEASE\spring-boot-test-2.0.4.RELEASE.jar;C:\Users\Jacek\.m2\repository\org\springframework\boot\spring-boot-test-autoconfigure\2.0.4.RELEASE\spring-boot-test-autoconfigure-2.0.4.RELEASE.jar;C:\Users\Jacek\.m2\repository\com\jayway\jsonpath\json-path\2.4.0\json-path-2.4.0.jar;C:\Users\Jacek\.m2\repository\net\minidev\json-smart\2.3\json-smart-2.3.jar;C:\Users\Jacek\.m2\repository\net\minidev\accessors-smart\1.2\accessors-smart-1.2.jar;C:\Users\Jacek\.m2\repository\org\ow2\asm\asm\5.0.4\asm-5.0.4.jar;C:\Users\Jacek\.m2\repository\junit\junit\4.12\junit-4.12.jar;C:\Users\Jacek\.m2\repository\org\assertj\assertj-core\3.9.1\assertj-core-3.9.1.jar;C:\Users\Jacek\.m2\repository\org\mockito\mockito-core\2.15.0\mockito-core-2.15.0.jar;C:\Users\Jacek\.m2\repository\net\bytebuddy\byte-buddy\1.7.11\byte-buddy-1.7.11.jar;C:\Users\Jacek\.m2\repository\net\bytebuddy\byte-buddy-agent\1.7.11\byte-buddy-agent-1.7.11.jar;C:\Users\Jacek\.m2\repository\org\objenesis\objenesis\2.6\objenesis-2.6.jar;C:\Users\Jacek\.m2\repository\org\hamcrest\hamcrest-core\1.3\hamcrest-core-1.3.jar;C:\Users\Jacek\.m2\repository\org\hamcrest\hamcrest-library\1.3\hamcrest-library-1.3.jar;C:\Users\Jacek\.m2\repository\org\skyscreamer\jsonassert\1.5.0\jsonassert-1.5.0.jar;C:\Users\Jacek\.m2\repository\com\vaadin\external\google\android-json\0.0.20131108.vaadin1\android-json-0.0.20131108.vaadin1.jar;C:\Users\Jacek\.m2\repository\org\springframework\spring-core\5.0.8.RELEASE\spring-core-5.0.8.RELEASE.jar;C:\Users\Jacek\.m2\repository\org\springframework\spring-jcl\5.0.8.RELEASE\spring-jcl-5.0.8.RELEASE.jar;C:\Users\Jacek\.m2\repository\org\springframework\spring-test\5.0.8.RELEASE\spring-test-5.0.8.RELEASE.jar;C:\Users\Jacek\.m2\repository\org\xmlunit\xmlunit-core\2.5.1\xmlunit-core-2.5.1.jar;C:\Users\Jacek\.m2\repository\org\springframework\boot\spring-boot-devtools\2.0.4.RELEASE\spring-boot-devtools-2.0.4.RELEASE.jar;C:\Users\Jacek\.m2\repository\org\springframework\boot\spring-boot\2.0.4.RELEASE\spring-boot-2.0.4.RELEASE.jar;C:\Users\Jacek\.m2\repository\org\springframework\boot\spring-boot-autoconfigure\2.0.4.RELEASE\spring-boot-autoconfigure-2.0.4.RELEASE.jar;C:\Users\Jacek\.m2\repository\org\springframework\boot\spring-boot-configuration-processor\2.0.4.RELEASE\spring-boot-configuration-processor-2.0.4.RELEASE.jar;C:\Users\Jacek\.m2\repository\javax\servlet\jstl\1.2\jstl-1.2.jar;C:\Users\Jacek\.m2\repository\org\webjars\jquery\3.3.1-1\jquery-3.3.1-1.jar;C:\Users\Jacek\.m2\repository\org\webjars\jquery-ui\1.12.1\jquery-ui-1.12.1.jar;C:\Users\Jacek\.m2\repository\org\webjars\bootstrap\4.1.0\bootstrap-4.1.0.jar;C:\Users\Jacek\.m2\repository\org\webjars\popper.js\1.14.1\popper.js-1.14.1.jar;C:\Users\Jacek\.m2\repository\org\apache\tomcat\embed\tomcat-embed-core\8.5.34\tomcat-embed-core-8.5.34.jar;C:\Users\Jacek\.m2\repository\org\apache\tomcat\tomcat-annotations-api\8.5.34\tomcat-annotations-api-8.5.34.jar;C:\Users\Jacek\.m2\repository\org\apache\tomcat\embed\tomcat-embed-jasper\8.5.34\tomcat-embed-jasper-8.5.34.jar;C:\Users\Jacek\.m2\repository\org\apache\tomcat\embed\tomcat-embed-el\8.5.34\tomcat-embed-el-8.5.34.jar;C:\Users\Jacek\.m2\repository\org\eclipse\jdt\ecj\3.12.3\ecj-3.12.3.jar;C:\Users\Jacek\.m2\repository\org\apache\tomcat\tomcat-jasper\8.5.34\tomcat-jasper-8.5.34.jar;C:\Users\Jacek\.m2\repository\org\apache\tomcat\tomcat-servlet-api\8.5.34\tomcat-servlet-api-8.5.34.jar;C:\Users\Jacek\.m2\repository\org\apache\tomcat\tomcat-juli\8.5.34\tomcat-juli-8.5.34.jar;C:\Users\Jacek\.m2\repository\org\apache\tomcat\tomcat-el-api\8.5.34\tomcat-el-api-8.5.34.jar;C:\Users\Jacek\.m2\repository\org\apache\tomcat\tomcat-api\8.5.34\tomcat-api-8.5.34.jar;C:\Users\Jacek\.m2\repository\org\apache\tomcat\tomcat-util-scan\8.5.34\tomcat-util-scan-8.5.34.jar;C:\Users\Jacek\.m2\repository\org\apache\tomcat\tomcat-util\8.5.34\tomcat-util-8.5.34.jar;C:\Users\Jacek\.m2\repository\org\apache\tomcat\tomcat-jasper-el\8.5.34\tomcat-jasper-el-8.5.34.jar;C:\Users\Jacek\.m2\repository\org\apache\tomcat\tomcat-jsp-api\8.5.34\tomcat-jsp-api-8.5.34.jar;C:\Users\Jacek\.m2\repository\org\apache\tiles\tiles-core\3.0.5\tiles-core-3.0.5.jar;C:\Users\Jacek\.m2\repository\org\apache\tiles\tiles-api\3.0.5\tiles-api-3.0.5.jar;C:\Users\Jacek\.m2\repository\org\apache\tiles\tiles-request-api\1.0.6\tiles-request-api-1.0.6.jar;C:\Users\Jacek\.m2\repository\commons-digester\commons-digester\2.0\commons-digester-2.0.jar;C:\Users\Jacek\.m2\repository\commons-beanutils\commons-beanutils\1.8.0\commons-beanutils-1.8.0.jar;C:\Users\Jacek\.m2\repository\org\slf4j\jcl-over-slf4j\1.7.25\jcl-over-slf4j-1.7.25.jar;C:\Users\Jacek\.m2\repository\org\slf4j\slf4j-api\1.7.25\slf4j-api-1.7.25.jar;C:\Users\Jacek\.m2\repository\org\apache\tiles\tiles-jsp\3.0.5\tiles-jsp-3.0.5.jar;C:\Users\Jacek\.m2\repository\org\apache\tiles\tiles-servlet\3.0.5\tiles-servlet-3.0.5.jar;C:\Users\Jacek\.m2\repository\org\apache\tiles\tiles-request-servlet\1.0.6\tiles-request-servlet-1.0.6.jar;C:\Users\Jacek\.m2\repository\org\apache\tiles\tiles-template\3.0.5\tiles-template-3.0.5.jar;C:\Users\Jacek\.m2\repository\org\apache\tiles\tiles-autotag-core-runtime\1.1.0\tiles-autotag-core-runtime-1.1.0.jar;C:\Users\Jacek\.m2\repository\org\apache\tiles\tiles-request-jsp\1.0.6\tiles-request-jsp-1.0.6.jar;C:\Users\Jacek\.m2\repository\org\springframework\boot\spring-boot-starter-security\2.0.4.RELEASE\spring-boot-starter-security-2.0.4.RELEASE.jar;C:\Users\Jacek\.m2\repository\org\springframework\spring-aop\5.0.8.RELEASE\spring-aop-5.0.8.RELEASE.jar;C:\Users\Jacek\.m2\repository\org\springframework\security\spring-security-config\5.0.7.RELEASE\spring-security-config-5.0.7.RELEASE.jar;C:\Users\Jacek\.m2\repository\org\springframework\security\spring-security-web\5.0.7.RELEASE\spring-security-web-5.0.7.RELEASE.jar;C:\Users\Jacek\.m2\repository\org\springframework\security\spring-security-taglibs\5.0.7.RELEASE\spring-security-taglibs-5.0.7.RELEASE.jar;C:\Users\Jacek\.m2\repository\org\springframework\security\spring-security-acl\5.0.7.RELEASE\spring-security-acl-5.0.7.RELEASE.jar;C:\Users\Jacek\.m2\repository\org\springframework\spring-jdbc\5.0.8.RELEASE\spring-jdbc-5.0.8.RELEASE.jar;C:\Users\Jacek\.m2\repository\org\springframework\spring-tx\5.0.8.RELEASE\spring-tx-5.0.8.RELEASE.jar;C:\Users\Jacek\.m2\repository\org\springframework\security\spring-security-core\5.0.7.RELEASE\spring-security-core-5.0.7.RELEASE.jar;C:\Users\Jacek\.m2\repository\org\springframework\spring-beans\5.0.8.RELEASE\spring-beans-5.0.8.RELEASE.jar;C:\Users\Jacek\.m2\repository\org\springframework\spring-context\5.0.8.RELEASE\spring-context-5.0.8.RELEASE.jar;C:\Users\Jacek\.m2\repository\org\springframework\spring-expression\5.0.8.RELEASE\spring-expression-5.0.8.RELEASE.jar;C:\Users\Jacek\.m2\repository\org\springframework\security\spring-security-test\5.0.7.RELEASE\spring-security-test-5.0.7.RELEASE.jar;C:\Users\Jacek\.m2\repository\org\springframework\boot\spring-boot-starter-thymeleaf\2.0.4.RELEASE\spring-boot-starter-thymeleaf-2.0.4.RELEASE.jar;C:\Users\Jacek\.m2\repository\org\thymeleaf\thymeleaf-spring5\3.0.9.RELEASE\thymeleaf-spring5-3.0.9.RELEASE.jar;C:\Users\Jacek\.m2\repository\org\thymeleaf\thymeleaf\3.0.9.RELEASE\thymeleaf-3.0.9.RELEASE.jar;C:\Users\Jacek\.m2\repository\org\attoparser\attoparser\2.0.4.RELEASE\attoparser-2.0.4.RELEASE.jar;C:\Users\Jacek\.m2\repository\org\unbescape\unbescape\1.1.5.RELEASE\unbescape-1.1.5.RELEASE.jar;C:\Users\Jacek\.m2\repository\org\thymeleaf\extras\thymeleaf-extras-java8time\3.0.1.RELEASE\thymeleaf-extras-java8time-3.0.1.RELEASE.jar;C:\Users\Jacek\.m2\repository\org\springframework\boot\spring-boot-starter-mail\2.0.1.RELEASE\spring-boot-starter-mail-2.0.1.RELEASE.jar;C:\Users\Jacek\.m2\repository\org\springframework\spring-context-support\5.0.8.RELEASE\spring-context-support-5.0.8.RELEASE.jar;C:\Users\Jacek\.m2\repository\com\sun\mail\javax.mail\1.6.1\javax.mail-1.6.1.jar;C:\Users\Jacek\.m2\repository\javax\activation\activation\1.1\activation-1.1.jar;C:\Users\Jacek\.m2\repository\com\googlecode\owasp-java-html-sanitizer\owasp-java-html-sanitizer\20181114.1\owasp-java-html-sanitizer-20181114.1.jar;C:\Users\Jacek\.m2\repository\org\jboss\aerogear\aerogear-otp-java\1.0.0\aerogear-otp-java-1.0.0.jar;C:\Users\Jacek\.m2\repository\javax\el\el-api\2.2\el-api-2.2.jar;C:\Users\Jacek\.m2\repository\org\passay\passay\1.0\passay-1.0.jar;C:\Users\Jacek\.m2\repository\org\cryptacular\cryptacular\1.0\cryptacular-1.0.jar;C:\Users\Jacek\.m2\repository\org\bouncycastle\bcprov-jdk15on\1.50\bcprov-jdk15on-1.50.jar;C:\Users\Jacek\.m2\repository\com\google\guava\guava\20.0\guava-20.0.jar;C:\Users\Jacek\.m2\repository\io\rest-assured\rest-assured\3.0.7\rest-assured-3.0.7.jar;C:\Users\Jacek\.m2\repository\org\codehaus\groovy\groovy\2.4.15\groovy-2.4.15.jar;C:\Users\Jacek\.m2\repository\org\codehaus\groovy\groovy-xml\2.4.15\groovy-xml-2.4.15.jar;C:\Users\Jacek\.m2\repository\org\apache\httpcomponents\httpclient\4.5.6\httpclient-4.5.6.jar;C:\Users\Jacek\.m2\repository\org\apache\httpcomponents\httpcore\4.4.10\httpcore-4.4.10.jar;C:\Users\Jacek\.m2\repository\commons-codec\commons-codec\1.11\commons-codec-1.11.jar;C:\Users\Jacek\.m2\repository\org\apache\httpcomponents\httpmime\4.5.6\httpmime-4.5.6.jar;C:\Users\Jacek\.m2\repository\org\ccil\cowan\tagsoup\tagsoup\1.2.1\tagsoup-1.2.1.jar;C:\Users\Jacek\.m2\repository\io\rest-assured\json-path\3.0.7\json-path-3.0.7.jar;C:\Users\Jacek\.m2\repository\org\codehaus\groovy\groovy-json\2.4.15\groovy-json-2.4.15.jar;C:\Users\Jacek\.m2\repository\io\rest-assured\rest-assured-common\3.0.7\rest-assured-common-3.0.7.jar;C:\Users\Jacek\.m2\repository\io\rest-assured\xml-path\3.0.7\xml-path-3.0.7.jar;C:\Users\Jacek\.m2\repository\org\apache\commons\commons-lang3\3.7\commons-lang3-3.7.jar;C:\Users\Jacek\.m2\repository\javax\xml\bind\jaxb-api\2.3.0\jaxb-api-2.3.0.jar;C:\Users\Jacek\.m2\repository\net\logstash\logback\logstash-logback-encoder\4.8\logstash-logback-encoder-4.8.jar;C:\Users\Jacek\.m2\repository\ch\qos\logback\logback-core\1.2.3\logback-core-1.2.3.jar;C:\Users\Jacek\.m2\repository\com\fasterxml\jackson\core\jackson-databind\2.9.6\jackson-databind-2.9.6.jar;C:\Users\Jacek\.m2\repository\com\fasterxml\jackson\core\jackson-annotations\2.9.0\jackson-annotations-2.9.0.jar;C:\Users\Jacek\.m2\repository\com\fasterxml\jackson\core\jackson-core\2.9.6\jackson-core-2.9.6.jar;C:\Users\Jacek\.m2\repository\javax\interceptor\javax.interceptor-api\1.2\javax.interceptor-api-1.2.jar;, user.name=Jacek, java.vm.specification.version=1.8, sun.java.command=C:\Users\Jacek\AppData\Local\Temp\surefire6870956318573447424\surefirebooter4497931717648566666.jar C:\Users\Jacek\AppData\Local\Temp\surefire6870956318573447424 2019-01-26T06-51-35_383-jvmRun1 surefire7761707726481968877tmp surefire_0264334435933110057tmp, java.home=C:\Program Files\Java\jdk1.8.0_161\jre, sun.arch.data.model=64, user.language=pl, java.specification.vendor=Oracle Corporation, awt.toolkit=sun.awt.windows.WToolkit, java.vm.info=mixed mode, java.version=1.8.0_161, java.ext.dirs=C:\Program Files\Java\jdk1.8.0_161\jre\lib\ext;C:\Windows\Sun\Java\lib\ext, sun.boot.class.path=C:\Program Files\Java\jdk1.8.0_161\jre\lib\resources.jar;C:\Program Files\Java\jdk1.8.0_161\jre\lib\rt.jar;C:\Program Files\Java\jdk1.8.0_161\jre\lib\sunrsasign.jar;C:\Program Files\Java\jdk1.8.0_161\jre\lib\jsse.jar;C:\Program Files\Java\jdk1.8.0_161\jre\lib\jce.jar;C:\Program Files\Java\jdk1.8.0_161\jre\lib\charsets.jar;C:\Program Files\Java\jdk1.8.0_161\jre\lib\jfr.jar;C:\Program Files\Java\jdk1.8.0_161\jre\classes, java.vendor=Oracle Corporation, localRepository=C:\Users\Jacek\.m2\repository, file.separator=\, java.vendor.url.bug=http://bugreport.sun.com/bugreport/, sun.io.unicode.encoding=UnicodeLittle, sun.cpu.endian=little, sun.desktop=windows, sun.cpu.isalist=amd64}}, SystemEnvironmentPropertySource@154319946 {name='systemEnvironment', properties={PATH=C:\Program Files (x86)\ActiveState Komodo Edit 7\;C:\ProgramData\Oracle\Java\javapath;C:\Program Files (x86)\NVIDIA Corporation\PhysX\Common;C:\Program Files (x86)\Intel\iCLS Client\;C:\Program Files\Intel\iCLS Client\;C:\Windows\system32;C:\Windows;C:\Windows\System32\Wbem;C:\Windows\System32\WindowsPowerShell\v1.0\;C:\Program Files\Intel\Intel(R) Management Engine Components\DAL;C:\Program Files (x86)\Intel\Intel(R) Management Engine Components\DAL;C:\Program Files\Intel\Intel(R) Management Engine Components\IPT;C:\Program Files (x86)\Intel\Intel(R) Management Engine Components\IPT;C:\Program Files\Intel\WiFi\bin\;C:\Program Files\Common Files\Intel\WirelessCommon\;C:\Program Files (x86)\MySQL\MySQL Utilities 1.6;C:\Program Files\Java\jre1.8.0_161;C:\Program Files\Java\jdk1.8.0_161;c:\apache-tomcat-8.5.30;c:\apache-maven-3.5.2\bin;c:\apache-maven-3.5.2;C:\Program Files\Microsoft SQL Server\Client SDK\ODBC\130\Tools\Binn\;C:\Program Files (x86)\Microsoft SQL Server\140\Tools\Binn\;C:\Program Files\Microsoft SQL Server\140\Tools\Binn\;C:\Program Files\Microsoft SQL Server\140\DTS\Binn\;C:\Program Files (x86)\Microsoft SQL Server\150\DTS\Binn\;c:\Program Files\Git;c:\Program Files\Git\bin;c:\apache-tomcat-8.0;c:\apache-tomcat-8.0\bin;C:\Gradle\gradle-4.10.2;C:\Gradle\gradle-4.10.2\bin;C:\Program Files (x86)\OpenShift;C:\Program Files\heroku\bin, USERDOMAIN_ROAMINGPROFILE=MONTREAL, GIT_HOME=c:\Program Files\Git, PROCESSOR_LEVEL=6, SYSTEMDRIVE=C:, FP_NO_HOST_CHECK=NO, SESSIONNAME=Console, ALLUSERSPROFILE=C:\ProgramData, PROCESSOR_ARCHITECTURE=AMD64, JRE_HOME=C:\Program Files\Java\jdk1.8.0_161, COMMANDER_INI=C:\Users\Jacek\AppData\Roaming\GHISLER\wincmd.ini, MAVEN_HOME=c:\apache-maven-3.5.2\bin\.., PROGRAMFILES=C:\Program Files, PSMODULEPATH=C:\Windows\system32\WindowsPowerShell\v1.0\Modules\;C:\Program Files (x86)\Microsoft SQL Server\140\Tools\PowerShell\Modules\, PROGRAMDATA=C:\ProgramData, USERNAME=Jacek, TOMCAT_HOME=c:\apache-tomcat-8.0, WDIR=c:\Users\Jacek\workspace_EE_jee-MyWork_2\Spring-Security-Registration-Process-01, PATHEXT=.COM;.EXE;.BAT;.CMD;.VBS;.VBE;.JS;.JSE;.WSF;.WSH;.MSC, CLASSWORLDS_JAR="c:\apache-maven-3.5.2\bin\..\boot\plexus-classworlds-2.5.2.jar", UOIPME_REG_PATH=C:\Program Files\Intel Corporation\USB over IP, WINDIR=C:\Windows, COMMANDER_PATH=C:\totalcmd, HOMEPATH=\Users\Jacek, PROCESSOR_IDENTIFIER=Intel64 Family 6 Model 61 Stepping 4, GenuineIntel, PUBLIC=C:\Users\Public, =::=::\, =EXITCODE=00000001, LOCALAPPDATA=C:\Users\Jacek\AppData\Local, COMMANDER_EXE=C:\totalcmd\TOTALCMD64.EXE, COMMANDER_DRIVE=C:, COMMONPROGRAMFILES(X86)=C:\Program Files (x86)\Common Files, USERDOMAIN=MONTREAL, LOGONSERVER=\\MicrosoftAccount, JAVA_HOME=C:\Program Files\Java\jdk1.8.0_161, PROMPT=$P$G, PROGRAMFILES(X86)=C:\Program Files (x86), ERROR_CODE=0, EXEC_DIR=c:\Users\Jacek\workspace_EE_jee-MyWork_2\Spring-Security-Registration-Process-01, GRADLE_HOME=C:\Gradle\gradle-4.10.2, =C:=c:\Users\Jacek\workspace_EE_jee-MyWork_2\Spring-Security-Registration-Process-01, APPDATA=C:\Users\Jacek\AppData\Roaming, PROGRAMW6432=C:\Program Files, SYSTEMROOT=C:\Windows, MAVEN_CMD_LINE_ARGS=package, OS=Windows_NT, COMMONPROGRAMW6432=C:\Program Files\Common Files, COMPUTERNAME=MONTREAL, COMMONPROGRAMFILES=C:\Program Files\Common Files, COMSPEC=C:\Windows\system32\cmd.exe, CATALINA_HOME=c:\apache-tomcat-8.0, JAVACMD=C:\Program Files\Java\jdk1.8.0_161\bin\java.exe, MAVEN_PROJECTBASEDIR=c:\Users\Jacek\workspace_EE_jee-MyWork_2\Spring-Security-Registration-Process-01, COMMANDER_INSTANCE=1, PROCESSOR_REVISION=3d04, CLASSWORLDS_LAUNCHER=org.codehaus.plexus.classworlds.launcher.Launcher, TEMP=C:\Users\Jacek\AppData\Local\Temp, HOMEDRIVE=C:, USERPROFILE=C:\Users\Jacek, TMP=C:\Users\Jacek\AppData\Local\Temp, NUMBER_OF_PROCESSORS=4, JVMCONFIG=\.mvn\jvm.config}}]
06:52:05.922 [main] DEBUG org.springframework.test.context.support.TestPropertySourceUtils - Adding inlined properties to environment: {spring.jmx.enabled=false, org.springframework.boot.test.context.SpringBootTestContextBootstrapper=true, server.port=-1}
06:52:05.922 [main] DEBUG org.springframework.core.env.StandardEnvironment - Adding PropertySource 'Inlined Test Properties' with highest search precedence

  .   ____          _            __ _ _
 /\\ / ___'_ __ _ _(_)_ __  __ _ \ \ \ \
( ( )\___ | '_ | '_| | '_ \/ _` | \ \ \ \
 \\/  ___)| |_)| | | | | || (_| |  ) ) ) )
  '  |____| .__|_| |_|_| |_\__, | / / / /
 =========|_|==============|___/=/_/_/_/
 :: Spring Boot ::        (v2.0.4.RELEASE)

2019-01-26 06:52:07.036  INFO 10752 --- [           main] c.caveofprogramming.HelloControllerTest  : Starting HelloControllerTest on Montreal with PID 10752 (started by Jacek in c:\Users\Jacek\workspace_EE_jee-MyWork_2\Spring-Security-Registration-Process-01)
2019-01-26 06:52:07.041  INFO 10752 --- [           main] c.caveofprogramming.HelloControllerTest  : No active profile set, falling back to default profiles: default
2019-01-26 06:52:07.698  INFO 10752 --- [           main] o.s.w.c.s.GenericWebApplicationContext   : Refreshing org.springframework.web.context.support.GenericWebApplicationContext@660acfb: startup date [Sat Jan 26 06:52:07 CET 2019]; root of context hierarchy
2019-01-26 06:52:10.759  WARN 10752 --- [           main] o.s.security.core.userdetails.User       : User.withDefaultPasswordEncoder() is considered unsafe for production and is only intended for sample applications.
2019-01-26 06:52:11.583  INFO 10752 --- [           main] o.s.s.web.DefaultSecurityFilterChain     : Creating filter chain: org.springframework.security.web.util.matcher.AnyRequestMatcher@1, [org.springframework.security.web.context.request.async.WebAsyncManagerIntegrationFilter@46963479, org.springframework.security.web.context.SecurityContextPersistenceFilter@48d293ee, org.springframework.security.web.header.HeaderWriterFilter@2af69643, org.springframework.security.web.csrf.CsrfFilter@1e469dfd, org.springframework.security.web.authentication.logout.LogoutFilter@3d904e9c, org.springframework.security.web.authentication.UsernamePasswordAuthenticationFilter@623dcf2a, org.springframework.security.web.savedrequest.RequestCacheAwareFilter@22587507, org.springframework.security.web.servletapi.SecurityContextHolderAwareRequestFilter@35c12c7a, org.springframework.security.web.authentication.AnonymousAuthenticationFilter@7e74a380, org.springframework.security.web.session.SessionManagementFilter@48528634, org.springframework.security.web.access.ExceptionTranslationFilter@60325987, org.springframework.security.web.access.intercept.FilterSecurityInterceptor@cdb2d95]
2019-01-26 06:52:11.923  INFO 10752 --- [           main] o.s.w.s.handler.SimpleUrlHandlerMapping  : Mapped URL path [/**/favicon.ico] onto handler of type [class org.springframework.web.servlet.resource.ResourceHttpRequestHandler]
2019-01-26 06:52:12.158  INFO 10752 --- [           main] s.w.s.m.m.a.RequestMappingHandlerAdapter : Looking for @ControllerAdvice: org.springframework.web.context.support.GenericWebApplicationContext@660acfb: startup date [Sat Jan 26 06:52:07 CET 2019]; root of context hierarchy
2019-01-26 06:52:12.254  INFO 10752 --- [           main] s.w.s.m.m.a.RequestMappingHandlerMapping : Mapped "{[/admin]}" onto java.lang.String com.caveofprogramming.controllers.AuthController.admin()
2019-01-26 06:52:12.259  INFO 10752 --- [           main] s.w.s.m.m.a.RequestMappingHandlerMapping : Mapped "{[/greeting],methods=[GET]}" onto public java.lang.String com.caveofprogramming.controllers.GreetingController.greeting(java.lang.String,org.springframework.ui.Model)
2019-01-26 06:52:12.260  INFO 10752 --- [           main] s.w.s.m.m.a.RequestMappingHandlerMapping : Mapped "{[/rest]}" onto public java.lang.String com.caveofprogramming.controllers.HelloController.rest()
2019-01-26 06:52:12.261  INFO 10752 --- [           main] s.w.s.m.m.a.RequestMappingHandlerMapping : Mapped "{[/info]}" onto java.lang.String com.caveofprogramming.controllers.PageController.info()
2019-01-26 06:52:12.262  INFO 10752 --- [           main] s.w.s.m.m.a.RequestMappingHandlerMapping : Mapped "{[/hello]}" onto java.lang.String com.caveofprogramming.controllers.PageController.hello()
2019-01-26 06:52:12.262  INFO 10752 --- [           main] s.w.s.m.m.a.RequestMappingHandlerMapping : Mapped "{[/about]}" onto java.lang.String com.caveofprogramming.controllers.PageController.about()
2019-01-26 06:52:12.268  INFO 10752 --- [           main] s.w.s.m.m.a.RequestMappingHandlerMapping : Mapped "{[/error]}" onto public org.springframework.http.ResponseEntity<java.util.Map<java.lang.String, java.lang.Object>> org.springframework.boot.autoconfigure.web.servlet.error.BasicErrorController.error(javax.servlet.http.HttpServletRequest)
2019-01-26 06:52:12.271  INFO 10752 --- [           main] s.w.s.m.m.a.RequestMappingHandlerMapping : Mapped "{[/error],produces=[text/html]}" onto public org.springframework.web.servlet.ModelAndView org.springframework.boot.autoconfigure.web.servlet.error.BasicErrorController.errorHtml(javax.servlet.http.HttpServletRequest,javax.servlet.http.HttpServletResponse)
2019-01-26 06:52:12.298  INFO 10752 --- [           main] o.s.w.s.handler.SimpleUrlHandlerMapping  : Mapped URL path [/home] onto handler of type [class org.springframework.web.servlet.mvc.ParameterizableViewController]
2019-01-26 06:52:12.299  INFO 10752 --- [           main] o.s.w.s.handler.SimpleUrlHandlerMapping  : Root mapping to handler of type [class org.springframework.web.servlet.mvc.ParameterizableViewController]
2019-01-26 06:52:12.299  INFO 10752 --- [           main] o.s.w.s.handler.SimpleUrlHandlerMapping  : Mapped URL path [/hello] onto handler of type [class org.springframework.web.servlet.mvc.ParameterizableViewController]
2019-01-26 06:52:12.299  INFO 10752 --- [           main] o.s.w.s.handler.SimpleUrlHandlerMapping  : Mapped URL path [/login] onto handler of type [class org.springframework.web.servlet.mvc.ParameterizableViewController]
2019-01-26 06:52:12.299  INFO 10752 --- [           main] o.s.w.s.handler.SimpleUrlHandlerMapping  : Mapped URL path [/about] onto handler of type [class org.springframework.web.servlet.mvc.ParameterizableViewController]
2019-01-26 06:52:12.299  INFO 10752 --- [           main] o.s.w.s.handler.SimpleUrlHandlerMapping  : Mapped URL path [/admin] onto handler of type [class org.springframework.web.servlet.mvc.ParameterizableViewController]
2019-01-26 06:52:12.299  INFO 10752 --- [           main] o.s.w.s.handler.SimpleUrlHandlerMapping  : Mapped URL path [/error] onto handler of type [class org.springframework.web.servlet.mvc.ParameterizableViewController]
2019-01-26 06:52:12.299  INFO 10752 --- [           main] o.s.w.s.handler.SimpleUrlHandlerMapping  : Mapped URL path [/greeting] onto handler of type [class org.springframework.web.servlet.mvc.ParameterizableViewController]
2019-01-26 06:52:12.299  INFO 10752 --- [           main] o.s.w.s.handler.SimpleUrlHandlerMapping  : Mapped URL path [/index] onto handler of type [class org.springframework.web.servlet.mvc.ParameterizableViewController]
2019-01-26 06:52:12.299  INFO 10752 --- [           main] o.s.w.s.handler.SimpleUrlHandlerMapping  : Mapped URL path [/index2] onto handler of type [class org.springframework.web.servlet.mvc.ParameterizableViewController]
2019-01-26 06:52:12.300  INFO 10752 --- [           main] o.s.w.s.handler.SimpleUrlHandlerMapping  : Mapped URL path [/info] onto handler of type [class org.springframework.web.servlet.mvc.ParameterizableViewController]
2019-01-26 06:52:12.334  INFO 10752 --- [           main] o.s.w.s.handler.SimpleUrlHandlerMapping  : Mapped URL path [/webjars/**] onto handler of type [class org.springframework.web.servlet.resource.ResourceHttpRequestHandler]
2019-01-26 06:52:12.334  INFO 10752 --- [           main] o.s.w.s.handler.SimpleUrlHandlerMapping  : Mapped URL path [/**] onto handler of type [class org.springframework.web.servlet.resource.ResourceHttpRequestHandler]
2019-01-26 06:52:12.334  INFO 10752 --- [           main] o.s.w.s.handler.SimpleUrlHandlerMapping  : Mapped URL path [/resources/**] onto handler of type [class org.springframework.web.servlet.resource.ResourceHttpRequestHandler]
2019-01-26 06:52:12.520  INFO 10752 --- [           main] o.s.b.a.w.s.WelcomePageHandlerMapping    : Adding welcome page: class path resource [static/index.html]
2019-01-26 06:52:13.626  INFO 10752 --- [           main] o.s.b.t.m.w.SpringBootMockServletContext : Initializing Spring FrameworkServlet ''
2019-01-26 06:52:13.626  INFO 10752 --- [           main] o.s.t.web.servlet.TestDispatcherServlet  : FrameworkServlet '': initialization started
2019-01-26 06:52:13.656  INFO 10752 --- [           main] o.s.b.a.e.web.EndpointLinksResolver      : Exposing 2 endpoint(s) beneath base path '/actuator'
2019-01-26 06:52:13.677  INFO 10752 --- [           main] s.b.a.e.w.s.WebMvcEndpointHandlerMapping : Mapped "{[/actuator/health],methods=[GET],produces=[application/vnd.spring-boot.actuator.v2+json || application/json]}" onto public java.lang.Object org.springframework.boot.actuate.endpoint.web.servlet.AbstractWebMvcEndpointHandlerMapping$OperationHandler.handle(javax.servlet.http.HttpServletRequest,java.util.Map<java.lang.String, java.lang.String>)
2019-01-26 06:52:13.678  INFO 10752 --- [           main] s.b.a.e.w.s.WebMvcEndpointHandlerMapping : Mapped "{[/actuator/info],methods=[GET],produces=[application/vnd.spring-boot.actuator.v2+json || application/json]}" onto public java.lang.Object org.springframework.boot.actuate.endpoint.web.servlet.AbstractWebMvcEndpointHandlerMapping$OperationHandler.handle(javax.servlet.http.HttpServletRequest,java.util.Map<java.lang.String, java.lang.String>)
2019-01-26 06:52:13.680  INFO 10752 --- [           main] s.b.a.e.w.s.WebMvcEndpointHandlerMapping : Mapped "{[/actuator],methods=[GET],produces=[application/vnd.spring-boot.actuator.v2+json || application/json]}" onto protected java.util.Map<java.lang.String, java.util.Map<java.lang.String, org.springframework.boot.actuate.endpoint.web.Link>> org.springframework.boot.actuate.endpoint.web.servlet.WebMvcEndpointHandlerMapping.links(javax.servlet.http.HttpServletRequest,javax.servlet.http.HttpServletResponse)
2019-01-26 06:52:13.714  INFO 10752 --- [           main] o.s.t.web.servlet.TestDispatcherServlet  : FrameworkServlet '': initialization completed in 88 ms
2019-01-26 06:52:13.795  INFO 10752 --- [           main] c.caveofprogramming.HelloControllerTest  : Started HelloControllerTest in 7.838 seconds (JVM running for 29.674)

MockHttpServletRequest:
      HTTP Method = GET
      Request URI = /rest
       Parameters = {}
          Headers = {Accept=[application/json]}
             Body = null
    Session Attrs = {}

Handler:
             Type = null

Async:
    Async started = false
     Async result = null

Resolved Exception:
             Type = null

ModelAndView:
        View name = null
             View = null
            Model = null

FlashMap:
       Attributes = null

MockHttpServletResponse:
           Status = 302
    Error message = null
          Headers = {X-Content-Type-Options=[nosniff], X-XSS-Protection=[1; mode=block], Cache-Control=[no-cache, no-store, max-age=0, must-revalidate], Pragma=[no-cache], Expires=[0], X-Frame-Options=[DENY], Location=[http://localhost/login]}
     Content type = null
             Body = 
    Forwarded URL = null
   Redirected URL = http://localhost/login
          Cookies = []
]]></system-out>
  </testcase>
</testsuite>